[+] Containers:
 |- [+] Container: /Game/Maps/FirstPersonMap
 |   |- [+] ActorDescs:
 |   |   |- Guid:072EDBED4DD351FA083709A544FED948 BaseClass:/Game/Enemy/Turret/BP_Turret.BP_Turret_C NativeClass:/Script/Engine.Pawn Name:BP_Turret_C_UAID_7427EAB8256612FD01_1818399530 Label:BP_Turret SpatiallyLoaded:1 Bounds:IsValid=true, Min=(X=1265.815 Y=-369.183 Z=-1744.735), Max=(X=1585.824 Y=105.453 Z=-1502.443) RuntimeGrid:None EditorOnly:0 RuntimeOnly:0 HLODRelevant:0 ListedInSceneOutliner:1 IsMainWorldOnly:0
 |   |   |- Guid:08630EFF495AEB3E86F2C082BC65C09B BaseClass:/Game/Enemy/Turret/BP_Turret.BP_Turret_C NativeClass:/Script/Engine.Pawn Name:BP_Turret_C_UAID_7427EAB8256612FD01_1818403531 Label:BP_Turret SpatiallyLoaded:1 Bounds:IsValid=true, Min=(X=863.546 Y=1469.616 Z=-867.540), Max=(X=1313.073 Y=1927.551 Z=-661.430) RuntimeGrid:None EditorOnly:0 RuntimeOnly:0 HLODRelevant:0 ListedInSceneOutliner:1 IsMainWorldOnly:0
 |   |   |- Guid:0A6ECCD144583BC910E639885FE33EFA BaseClass: NativeClass:/Script/Engine.WorldDataLayers Name:WorldDataLayers Label:WorldDataLayers SpatiallyLoaded:0 Bounds:Invalid RuntimeGrid:None EditorOnly:0 RuntimeOnly:0 HLODRelevant:0 ListedInSceneOutliner:1 IsMainWorldOnly:1
 |   |   |- Guid:0B5B47824C40B2755F7C7E82F4BDB67D BaseClass:/Game/JW/TerrainBP.TerrainBP_C NativeClass:/Script/GeometryScriptingEditor.GeneratedDynamicMeshActor Name:TerrainBP_C_UAID_A8A159071AFE78EC01_1803719495 Label:TerrainBP SpatiallyLoaded:1 Bounds:IsValid=true, Min=(X=-2027.179 Y=-2035.127 Z=-2069.902), Max=(X=2039.287 Y=2019.728 Z=2009.966) RuntimeGrid:None EditorOnly:0 RuntimeOnly:0 HLODRelevant:0 ListedInSceneOutliner:1 IsMainWorldOnly:0
 |   |   |- Guid:2C692FFF411CBE3C864F24AE4054433D BaseClass: NativeClass:/Script/Engine.PointLight Name:PointLight_UAID_E89C2573D497BFF001_1339184215 Label:PointLight3 SpatiallyLoaded:1 Bounds:IsValid=true, Min=(X=-11374.000 Y=-26154.000 Z=-10694.000), Max=(X=21394.000 Y=6614.000 Z=22074.000) RuntimeGrid:None EditorOnly:0 RuntimeOnly:0 HLODRelevant:0 ListedInSceneOutliner:1 IsMainWorldOnly:0
 |   |   |- Guid:2EC1C0E84451ED938D87D7B5AB2F1331 BaseClass:/Game/Enemy/Turret/BP_Turret.BP_Turret_C NativeClass:/Script/Engine.Pawn Name:BP_Turret_C_UAID_7427EAB8256612FD01_1817854512 Label:BP_Turret SpatiallyLoaded:1 Bounds:IsValid=true, Min=(X=535.124 Y=-1265.922 Z=-1815.303), Max=(X=1040.603 Y=-889.779 Z=-1572.052) RuntimeGrid:None EditorOnly:0 RuntimeOnly:0 HLODRelevant:0 ListedInSceneOutliner:1 IsMainWorldOnly:0
 |   |   |- Guid:51ED0E974BA11154E4BB22BD9519369B BaseClass:/Game/Enemy/Turret/BP_Turret.BP_Turret_C NativeClass:/Script/Engine.Pawn Name:BP_Turret_C_UAID_7427EAB8256612FD01_1818392528 Label:BP_Turret SpatiallyLoaded:1 Bounds:IsValid=true, Min=(X=674.281 Y=-1833.054 Z=-1107.387), Max=(X=1182.533 Y=-1499.557 Z=-890.780) RuntimeGrid:None EditorOnly:0 RuntimeOnly:0 HLODRelevant:0 ListedInSceneOutliner:1 IsMainWorldOnly:0
 |   |   |- Guid:53EB5C794FEE12E3209626BDA62FFF26 BaseClass: NativeClass:/Script/Engine.PointLight Name:PointLight_UAID_E89C2573D49799EF01_1104831473 Label:PointLight2 SpatiallyLoaded:1 Bounds:IsValid=true, Min=(X=-25374.000 Y=-9964.000 Z=-10094.000), Max=(X=7394.000 Y=22804.000 Z=22674.000) RuntimeGrid:None EditorOnly:0 RuntimeOnly:0 HLODRelevant:0 ListedInSceneOutliner:1 IsMainWorldOnly:0
 |   |   |- Guid:56A9083B4E2B139B27CE3582692965B2 BaseClass:/SunPosition/SunSky.SunSky_C NativeClass:/Script/Engine.Actor Name:SunSky_C_UAID_E4A8DFF90C7A2BFB01_1164576783 Label:SunSky SpatiallyLoaded:0 Bounds:IsValid=true, Min=(X=-4398046511104.000 Y=-4398046511104.000 Z=-4398046511104.000), Max=(X=4398046511104.000 Y=4398046511104.000 Z=4398046511104.000) RuntimeGrid:None EditorOnly:0 RuntimeOnly:0 HLODRelevant:0 ListedInSceneOutliner:1 IsMainWorldOnly:0
 |   |   |- Guid:5A14B5FE4D934FB05118F69E4F817DEE BaseClass:/Game/Enemy/Turret/BP_Turret.BP_Turret_C NativeClass:/Script/Engine.Pawn Name:BP_Turret_C_UAID_7427EAB8256612FD01_1818377524 Label:BP_Turret SpatiallyLoaded:1 Bounds:IsValid=true, Min=(X=1624.751 Y=55.736 Z=-1364.001), Max=(X=1866.627 Y=522.692 Z=-1134.243) RuntimeGrid:None EditorOnly:0 RuntimeOnly:0 HLODRelevant:0 ListedInSceneOutliner:1 IsMainWorldOnly:0
 |   |   |- Guid:5D58E71444CA4F04814B8DA3C082D4ED BaseClass:/Game/Enemy/Turret/BP_Turret.BP_Turret_C NativeClass:/Script/Engine.Pawn Name:BP_Turret_C_UAID_7427EAB8256612FD01_1817851511 Label:BP_Turret SpatiallyLoaded:1 Bounds:IsValid=true, Min=(X=-1320.678 Y=-1111.428 Z=-1746.082), Max=(X=-937.222 Y=-604.947 Z=-1503.767) RuntimeGrid:None EditorOnly:0 RuntimeOnly:0 HLODRelevant:0 ListedInSceneOutliner:1 IsMainWorldOnly:0
 |   |   |- Guid:676FE0914032E63A6EAE0EB5E9B08A08 BaseClass:/Game/Enemy/Turret/BP_Turret.BP_Turret_C NativeClass:/Script/Engine.Pawn Name:BP_Turret_C_UAID_7427EAB8256612FD01_1805260505 Label:BP_Turret SpatiallyLoaded:1 Bounds:IsValid=true, Min=(X=472.727 Y=-2131.647 Z=155.222), Max=(X=962.181 Y=-1891.168 Z=332.179) RuntimeGrid:None EditorOnly:0 RuntimeOnly:0 HLODRelevant:0 ListedInSceneOutliner:1 IsMainWorldOnly:0
 |   |   |- Guid:6798B3044219C549F424708721336D8F BaseClass:/Game/Enemy/Turret/BP_Turret.BP_Turret_C NativeClass:/Script/Engine.Pawn Name:BP_Turret_C_UAID_7427EAB8256612FD01_1805227496 Label:BP_Turret SpatiallyLoaded:1 Bounds:IsValid=true, Min=(X=-196.114 Y=-2151.981 Z=659.956), Max=(X=260.289 Y=-1891.458 Z=865.996) RuntimeGrid:None EditorOnly:0 RuntimeOnly:0 HLODRelevant:0 ListedInSceneOutliner:1 IsMainWorldOnly:0
 |   |   |- Guid:7430E6044461431068C43792FE912643 BaseClass:/Game/Enemy/Turret/BP_Turret.BP_Turret_C NativeClass:/Script/Engine.Pawn Name:BP_Turret_C_UAID_7427EAB8256612FD01_1805249502 Label:BP_Turret SpatiallyLoaded:1 Bounds:IsValid=true, Min=(X=826.970 Y=-1809.626 Z=-1003.693), Max=(X=1335.216 Y=-1454.000 Z=-791.833) RuntimeGrid:None EditorOnly:0 RuntimeOnly:0 HLODRelevant:0 ListedInSceneOutliner:1 IsMainWorldOnly:0
 |   |   |- Guid:784C6F1E4D2A47AEFEC27D875246C56D BaseClass: NativeClass:/Script/Engine.PointLight Name:PointLight_UAID_E89C2573D497BFF001_1776030217 Label:PointLight5 SpatiallyLoaded:1 Bounds:IsValid=true, Min=(X=-21834.000 Y=-21104.000 Z=-14954.000), Max=(X=10934.000 Y=11664.000 Z=17814.000) RuntimeGrid:None EditorOnly:0 RuntimeOnly:0 HLODRelevant:0 ListedInSceneOutliner:1 IsMainWorldOnly:0
 |   |   |- Guid:83CE15BE480C359E029D51B64D906D62 BaseClass:/Game/JW/BP_Return.BP_Return_C NativeClass:/Script/Engine.Actor Name:BP_Return_C_UAID_A8A159071AFE79EC01_1823791671 Label:BP_Return SpatiallyLoaded:1 Bounds:IsValid=true, Min=(X=1440.000 Y=320.000 Z=1380.000), Max=(X=1540.000 Y=420.000 Z=1480.000) RuntimeGrid:None EditorOnly:0 RuntimeOnly:0 HLODRelevant:0 ListedInSceneOutliner:1 IsMainWorldOnly:0
 |   |   |- Guid:85CB678F475022EA7466138F2C0C3D57 BaseClass:/Game/Enemy/Turret/BP_Turret.BP_Turret_C NativeClass:/Script/Engine.Pawn Name:BP_Turret_C_UAID_7427EAB8256612FD01_1805245501 Label:BP_Turret SpatiallyLoaded:1 Bounds:IsValid=true, Min=(X=494.552 Y=-1893.923 Z=-1123.530), Max=(X=996.699 Y=-1597.189 Z=-906.010) RuntimeGrid:None EditorOnly:0 RuntimeOnly:0 HLODRelevant:0 ListedInSceneOutliner:1 IsMainWorldOnly:0
 |   |   |- Guid:8CFFC72148BD561D0D9558AC7E0F08E0 BaseClass:/Game/FirstPerson/Blueprints/PlayerCharacter.PlayerCharacter_C NativeClass:/Script/Engine.Pawn Name:PlayerCharacter_C_UAID_E89C2573D497C0F001_1383441394 Label:PlayerCharacter SpatiallyLoaded:1 Bounds:IsValid=true, Min=(X=425.000 Y=-105.000 Z=2104.000), Max=(X=535.000 Y=5.000 Z=2296.000) RuntimeGrid:None EditorOnly:0 RuntimeOnly:0 HLODRelevant:0 ListedInSceneOutliner:1 IsMainWorldOnly:0
 |   |   |- Guid:90D3CB394A6DE47FFDE4B5938254751D BaseClass:/Game/Enemy/Turret/BP_Turret.BP_Turret_C NativeClass:/Script/Engine.Pawn Name:BP_Turret_C_UAID_7427EAB8256612FD01_1817858513 Label:BP_Turret SpatiallyLoaded:1 Bounds:IsValid=true, Min=(X=-211.136 Y=596.658 Z=-2145.621), Max=(X=264.730 Y=896.559 Z=-1911.122) RuntimeGrid:None EditorOnly:0 RuntimeOnly:0 HLODRelevant:0 ListedInSceneOutliner:1 IsMainWorldOnly:0
 |   |   |- Guid:9EFA33534C3929FA8FA7F6B1B84B2C25 BaseClass:/Game/Enemy/Turret/BP_Turret.BP_Turret_C NativeClass:/Script/Engine.Pawn Name:BP_Turret_C_UAID_7427EAB8256612FD01_1817841509 Label:BP_Turret SpatiallyLoaded:1 Bounds:IsValid=true, Min=(X=-313.805 Y=101.550 Z=-2247.490), Max=(X=159.355 Y=394.212 Z=-2036.413) RuntimeGrid:None EditorOnly:0 RuntimeOnly:0 HLODRelevant:0 ListedInSceneOutliner:1 IsMainWorldOnly:0
 |   |   |- Guid:A4BB12A84CC17EA6460DBCA66B84A859 BaseClass:/Game/Enemy/Turret/BP_Turret.BP_Turret_C NativeClass:/Script/Engine.Pawn Name:BP_Turret_C_UAID_7427EAB8256612FD01_1818396529 Label:BP_Turret SpatiallyLoaded:1 Bounds:IsValid=true, Min=(X=-110.240 Y=-1148.770 Z=-2018.275), Max=(X=343.203 Y=-917.538 Z=-1776.527) RuntimeGrid:None EditorOnly:0 RuntimeOnly:0 HLODRelevant:0 ListedInSceneOutliner:1 IsMainWorldOnly:0
 |   |   |- Guid:BCB6B65C4230A33D86F33AA1AF28A96C BaseClass: NativeClass:/Script/Engine.PointLight Name:PointLight_UAID_E89C2573D497BFF001_1759356216 Label:PointLight4 SpatiallyLoaded:1 Bounds:IsValid=true, Min=(X=-11374.000 Y=-13354.000 Z=-15224.000), Max=(X=21394.000 Y=19414.000 Z=17544.000) RuntimeGrid:None EditorOnly:0 RuntimeOnly:0 HLODRelevant:0 ListedInSceneOutliner:1 IsMainWorldOnly:0
 |   |   |- Guid:C73ACB5D41C094DEEAD8BA87CEDF20F5 BaseClass: NativeClass:/Script/Engine.ExponentialHeightFog Name:ExponentialHeightFog_UAID_E4A8DFF90C7A2AFB01_1718635608 Label:ExponentialHeightFog SpatiallyLoaded:0 Bounds:IsValid=true, Min=(X=0.000 Y=0.000 Z=23.348), Max=(X=0.000 Y=0.000 Z=23.348) RuntimeGrid:None EditorOnly:0 RuntimeOnly:0 HLODRelevant:0 ListedInSceneOutliner:1 IsMainWorldOnly:0 Parent:CABD45D547B2E1A6A17309A80F691810
 |   |   |- Guid:CABD45D547B2E1A6A17309A80F691810 BaseClass: NativeClass:/Script/Engine.PointLight Name:PointLight_UAID_E89C2573D49798EF01_2106693296 Label:PointLight SpatiallyLoaded:1 Bounds:IsValid=true, Min=(X=-13774.000 Y=-16364.000 Z=-23654.000), Max=(X=18994.000 Y=16404.000 Z=9114.000) RuntimeGrid:None EditorOnly:0 RuntimeOnly:0 HLODRelevant:0 ListedInSceneOutliner:1 IsMainWorldOnly:0
 |   |   |- Guid:CE3AA6EC438B73A4D89BCA888B114BC4 BaseClass: NativeClass:/Script/Engine.SkyAtmosphere Name:SkyAtmosphere_UAID_E4A8DFF90C7A2AFB01_1302536607 Label:SkyAtmosphere SpatiallyLoaded:0 Bounds:IsValid=true, Min=(X=0.000 Y=0.000 Z=215.895), Max=(X=0.000 Y=0.000 Z=215.895) RuntimeGrid:None EditorOnly:0 RuntimeOnly:0 HLODRelevant:0 ListedInSceneOutliner:1 IsMainWorldOnly:0
 |   |   |- Guid:D1FA5F4B4406CEF1DCAA87BC2A44BE41 BaseClass:/Game/Enemy/Turret/BP_Turret.BP_Turret_C NativeClass:/Script/Engine.Pawn Name:BP_Turret_C_UAID_7427EAB8256612FD01_1817875518 Label:BP_Turret SpatiallyLoaded:1 Bounds:IsValid=true, Min=(X=-1449.642 Y=723.543 Z=-1639.906), Max=(X=-965.525 Y=1169.249 Z=-1399.980) RuntimeGrid:None EditorOnly:0 RuntimeOnly:0 HLODRelevant:0 ListedInSceneOutliner:1 IsMainWorldOnly:0
 |   |   |- Guid:D29DF3D849CFD64759F04897579D41FF BaseClass: NativeClass:/Script/Engine.StaticMeshActor Name:StaticMeshActor_UAID_E4A8DFF90C7AEAFA01_1721608345 Label:StaticMeshActor SpatiallyLoaded:1 Bounds:IsValid=true, Min=(X=-620.000 Y=-340.000 Z=1910.000), Max=(X=-620.000 Y=-340.000 Z=1910.000) RuntimeGrid:None EditorOnly:0 RuntimeOnly:0 HLODRelevant:0 ListedInSceneOutliner:1 IsMainWorldOnly:0
 |   |   |- Guid:D86D1A78445EB5539BBCA8A6C38F964C BaseClass:/Game/FirstPerson/Blueprints/BP_Pickup_Rifle.BP_Pickup_Rifle_C NativeClass:/Script/Engine.Actor Name:BP_Pickup_Rifle_C_UAID_088FC36558DCC2EC01_2073067519 Label:BP_Pickup_Rifle SpatiallyLoaded:1 Bounds:IsValid=true, Min=(X=880.000 Y=142.665 Z=1910.000), Max=(X=1040.000 Y=339.100 Z=2081.608) RuntimeGrid:None EditorOnly:0 RuntimeOnly:0 HLODRelevant:0 ListedInSceneOutliner:1 IsMainWorldOnly:0
 |   |   |- Guid:E883933440B2CEDBAA17538AC4A98625 BaseClass:/Game/Enemy/Turret/BP_Turret.BP_Turret_C NativeClass:/Script/Engine.Pawn Name:BP_Turret_C_UAID_7427EAB8256612FD01_1817835508 Label:BP_Turret SpatiallyLoaded:1 Bounds:IsValid=true, Min=(X=-1431.671 Y=-103.801 Z=-1869.532), Max=(X=-1107.417 Y=373.033 Z=-1625.971) RuntimeGrid:None EditorOnly:0 RuntimeOnly:0 HLODRelevant:0 ListedInSceneOutliner:1 IsMainWorldOnly:0
 |   |   |- Guid:EC03BA124A17A1D38A28DAA634CB7A1C BaseClass:/Game/Enemy/Turret/BP_Turret.BP_Turret_C NativeClass:/Script/Engine.Pawn Name:BP_Turret_C_UAID_7427EAB8256612FD01_1805266507 Label:BP_Turret SpatiallyLoaded:1 Bounds:IsValid=true, Min=(X=835.130 Y=998.480 Z=-1533.612), Max=(X=1273.284 Y=1488.867 Z=-1297.013) RuntimeGrid:None EditorOnly:0 RuntimeOnly:0 HLODRelevant:0 ListedInSceneOutliner:1 IsMainWorldOnly:0
 |   |   |- Guid:F844BF4942BB1C5862E9968479099D4D BaseClass:/Game/Enemy/Turret/BP_Turret.BP_Turret_C NativeClass:/Script/Engine.Pawn Name:BP_Turret_C_UAID_7427EAB8256612FD01_1817847510 Label:BP_Turret SpatiallyLoaded:1 Bounds:IsValid=true, Min=(X=-1513.803 Y=-916.598 Z=-1659.756), Max=(X=-1191.769 Y=-412.602 Z=-1419.307) RuntimeGrid:None EditorOnly:0 RuntimeOnly:0 HLODRelevant:0 ListedInSceneOutliner:1 IsMainWorldOnly:0
 |   |   |- Guid:FE51B56F4EFA07EA27F42F87D941F3F0 BaseClass:/Game/Enemy/Turret/BP_Turret.BP_Turret_C NativeClass:/Script/Engine.Pawn Name:BP_Turret_C_UAID_7427EAB8256612FD01_1817865515 Label:BP_Turret SpatiallyLoaded:1 Bounds:IsValid=true, Min=(X=935.524 Y=-1879.831 Z=-661.039), Max=(X=1437.832 Y=-1529.032 Z=-465.005) RuntimeGrid:None EditorOnly:0 RuntimeOnly:0 HLODRelevant:0 ListedInSceneOutliner:1 IsMainWorldOnly:0
 |   |- [+] Clusters:
 |   |   |- [+] [  0]
 |   |   |   |- Guid:072EDBED4DD351FA083709A544FED948 BaseClass:/Game/Enemy/Turret/BP_Turret.BP_Turret_C NativeClass:/Script/Engine.Pawn Name:BP_Turret_C_UAID_7427EAB8256612FD01_1818399530 Label:BP_Turret SpatiallyLoaded:1 Bounds:IsValid=true, Min=(X=1265.815 Y=-369.183 Z=-1744.735), Max=(X=1585.824 Y=105.453 Z=-1502.443) RuntimeGrid:None EditorOnly:0 RuntimeOnly:0 HLODRelevant:0 ListedInSceneOutliner:1 IsMainWorldOnly:0
 |   |   |- [+] [  1]
 |   |   |   |- Guid:08630EFF495AEB3E86F2C082BC65C09B BaseClass:/Game/Enemy/Turret/BP_Turret.BP_Turret_C NativeClass:/Script/Engine.Pawn Name:BP_Turret_C_UAID_7427EAB8256612FD01_1818403531 Label:BP_Turret SpatiallyLoaded:1 Bounds:IsValid=true, Min=(X=863.546 Y=1469.616 Z=-867.540), Max=(X=1313.073 Y=1927.551 Z=-661.430) RuntimeGrid:None EditorOnly:0 RuntimeOnly:0 HLODRelevant:0 ListedInSceneOutliner:1 IsMainWorldOnly:0
 |   |   |- [+] [  2]
 |   |   |   |- Guid:0A6ECCD144583BC910E639885FE33EFA BaseClass: NativeClass:/Script/Engine.WorldDataLayers Name:WorldDataLayers Label:WorldDataLayers SpatiallyLoaded:0 Bounds:Invalid RuntimeGrid:None EditorOnly:0 RuntimeOnly:0 HLODRelevant:0 ListedInSceneOutliner:1 IsMainWorldOnly:1
 |   |   |- [+] [  3]
 |   |   |   |- Guid:0B5B47824C40B2755F7C7E82F4BDB67D BaseClass:/Game/JW/TerrainBP.TerrainBP_C NativeClass:/Script/GeometryScriptingEditor.GeneratedDynamicMeshActor Name:TerrainBP_C_UAID_A8A159071AFE78EC01_1803719495 Label:TerrainBP SpatiallyLoaded:1 Bounds:IsValid=true, Min=(X=-2027.179 Y=-2035.127 Z=-2069.902), Max=(X=2039.287 Y=2019.728 Z=2009.966) RuntimeGrid:None EditorOnly:0 RuntimeOnly:0 HLODRelevant:0 ListedInSceneOutliner:1 IsMainWorldOnly:0
 |   |   |- [+] [  4]
 |   |   |   |- Guid:2C692FFF411CBE3C864F24AE4054433D BaseClass: NativeClass:/Script/Engine.PointLight Name:PointLight_UAID_E89C2573D497BFF001_1339184215 Label:PointLight3 SpatiallyLoaded:1 Bounds:IsValid=true, Min=(X=-11374.000 Y=-26154.000 Z=-10694.000), Max=(X=21394.000 Y=6614.000 Z=22074.000) RuntimeGrid:None EditorOnly:0 RuntimeOnly:0 HLODRelevant:0 ListedInSceneOutliner:1 IsMainWorldOnly:0
 |   |   |- [+] [  5]
 |   |   |   |- Guid:2EC1C0E84451ED938D87D7B5AB2F1331 BaseClass:/Game/Enemy/Turret/BP_Turret.BP_Turret_C NativeClass:/Script/Engine.Pawn Name:BP_Turret_C_UAID_7427EAB8256612FD01_1817854512 Label:BP_Turret SpatiallyLoaded:1 Bounds:IsValid=true, Min=(X=535.124 Y=-1265.922 Z=-1815.303), Max=(X=1040.603 Y=-889.779 Z=-1572.052) RuntimeGrid:None EditorOnly:0 RuntimeOnly:0 HLODRelevant:0 ListedInSceneOutliner:1 IsMainWorldOnly:0
 |   |   |- [+] [  6]
 |   |   |   |- Guid:51ED0E974BA11154E4BB22BD9519369B BaseClass:/Game/Enemy/Turret/BP_Turret.BP_Turret_C NativeClass:/Script/Engine.Pawn Name:BP_Turret_C_UAID_7427EAB8256612FD01_1818392528 Label:BP_Turret SpatiallyLoaded:1 Bounds:IsValid=true, Min=(X=674.281 Y=-1833.054 Z=-1107.387), Max=(X=1182.533 Y=-1499.557 Z=-890.780) RuntimeGrid:None EditorOnly:0 RuntimeOnly:0 HLODRelevant:0 ListedInSceneOutliner:1 IsMainWorldOnly:0
 |   |   |- [+] [  7]
 |   |   |   |- Guid:53EB5C794FEE12E3209626BDA62FFF26 BaseClass: NativeClass:/Script/Engine.PointLight Name:PointLight_UAID_E89C2573D49799EF01_1104831473 Label:PointLight2 SpatiallyLoaded:1 Bounds:IsValid=true, Min=(X=-25374.000 Y=-9964.000 Z=-10094.000), Max=(X=7394.000 Y=22804.000 Z=22674.000) RuntimeGrid:None EditorOnly:0 RuntimeOnly:0 HLODRelevant:0 ListedInSceneOutliner:1 IsMainWorldOnly:0
 |   |   |- [+] [  8]
 |   |   |   |- Guid:56A9083B4E2B139B27CE3582692965B2 BaseClass:/SunPosition/SunSky.SunSky_C NativeClass:/Script/Engine.Actor Name:SunSky_C_UAID_E4A8DFF90C7A2BFB01_1164576783 Label:SunSky SpatiallyLoaded:0 Bounds:IsValid=true, Min=(X=-4398046511104.000 Y=-4398046511104.000 Z=-4398046511104.000), Max=(X=4398046511104.000 Y=4398046511104.000 Z=4398046511104.000) RuntimeGrid:None EditorOnly:0 RuntimeOnly:0 HLODRelevant:0 ListedInSceneOutliner:1 IsMainWorldOnly:0
 |   |   |- [+] [  9]
 |   |   |   |- Guid:5A14B5FE4D934FB05118F69E4F817DEE BaseClass:/Game/Enemy/Turret/BP_Turret.BP_Turret_C NativeClass:/Script/Engine.Pawn Name:BP_Turret_C_UAID_7427EAB8256612FD01_1818377524 Label:BP_Turret SpatiallyLoaded:1 Bounds:IsValid=true, Min=(X=1624.751 Y=55.736 Z=-1364.001), Max=(X=1866.627 Y=522.692 Z=-1134.243) RuntimeGrid:None EditorOnly:0 RuntimeOnly:0 HLODRelevant:0 ListedInSceneOutliner:1 IsMainWorldOnly:0
 |   |   |- [+] [ 10]
 |   |   |   |- Guid:5D58E71444CA4F04814B8DA3C082D4ED BaseClass:/Game/Enemy/Turret/BP_Turret.BP_Turret_C NativeClass:/Script/Engine.Pawn Name:BP_Turret_C_UAID_7427EAB8256612FD01_1817851511 Label:BP_Turret SpatiallyLoaded:1 Bounds:IsValid=true, Min=(X=-1320.678 Y=-1111.428 Z=-1746.082), Max=(X=-937.222 Y=-604.947 Z=-1503.767) RuntimeGrid:None EditorOnly:0 RuntimeOnly:0 HLODRelevant:0 ListedInSceneOutliner:1 IsMainWorldOnly:0
 |   |   |- [+] [ 11]
 |   |   |   |- Guid:676FE0914032E63A6EAE0EB5E9B08A08 BaseClass:/Game/Enemy/Turret/BP_Turret.BP_Turret_C NativeClass:/Script/Engine.Pawn Name:BP_Turret_C_UAID_7427EAB8256612FD01_1805260505 Label:BP_Turret SpatiallyLoaded:1 Bounds:IsValid=true, Min=(X=472.727 Y=-2131.647 Z=155.222), Max=(X=962.181 Y=-1891.168 Z=332.179) RuntimeGrid:None EditorOnly:0 RuntimeOnly:0 HLODRelevant:0 ListedInSceneOutliner:1 IsMainWorldOnly:0
 |   |   |- [+] [ 12]
 |   |   |   |- Guid:6798B3044219C549F424708721336D8F BaseClass:/Game/Enemy/Turret/BP_Turret.BP_Turret_C NativeClass:/Script/Engine.Pawn Name:BP_Turret_C_UAID_7427EAB8256612FD01_1805227496 Label:BP_Turret SpatiallyLoaded:1 Bounds:IsValid=true, Min=(X=-196.114 Y=-2151.981 Z=659.956), Max=(X=260.289 Y=-1891.458 Z=865.996) RuntimeGrid:None EditorOnly:0 RuntimeOnly:0 HLODRelevant:0 ListedInSceneOutliner:1 IsMainWorldOnly:0
 |   |   |- [+] [ 13]
 |   |   |   |- Guid:7430E6044461431068C43792FE912643 BaseClass:/Game/Enemy/Turret/BP_Turret.BP_Turret_C NativeClass:/Script/Engine.Pawn Name:BP_Turret_C_UAID_7427EAB8256612FD01_1805249502 Label:BP_Turret SpatiallyLoaded:1 Bounds:IsValid=true, Min=(X=826.970 Y=-1809.626 Z=-1003.693), Max=(X=1335.216 Y=-1454.000 Z=-791.833) RuntimeGrid:None EditorOnly:0 RuntimeOnly:0 HLODRelevant:0 ListedInSceneOutliner:1 IsMainWorldOnly:0
 |   |   |- [+] [ 14]
 |   |   |   |- Guid:784C6F1E4D2A47AEFEC27D875246C56D BaseClass: NativeClass:/Script/Engine.PointLight Name:PointLight_UAID_E89C2573D497BFF001_1776030217 Label:PointLight5 SpatiallyLoaded:1 Bounds:IsValid=true, Min=(X=-21834.000 Y=-21104.000 Z=-14954.000), Max=(X=10934.000 Y=11664.000 Z=17814.000) RuntimeGrid:None EditorOnly:0 RuntimeOnly:0 HLODRelevant:0 ListedInSceneOutliner:1 IsMainWorldOnly:0
 |   |   |- [+] [ 15]
 |   |   |   |- Guid:83CE15BE480C359E029D51B64D906D62 BaseClass:/Game/JW/BP_Return.BP_Return_C NativeClass:/Script/Engine.Actor Name:BP_Return_C_UAID_A8A159071AFE79EC01_1823791671 Label:BP_Return SpatiallyLoaded:1 Bounds:IsValid=true, Min=(X=1440.000 Y=320.000 Z=1380.000), Max=(X=1540.000 Y=420.000 Z=1480.000) RuntimeGrid:None EditorOnly:0 RuntimeOnly:0 HLODRelevant:0 ListedInSceneOutliner:1 IsMainWorldOnly:0
 |   |   |- [+] [ 16]
 |   |   |   |- Guid:85CB678F475022EA7466138F2C0C3D57 BaseClass:/Game/Enemy/Turret/BP_Turret.BP_Turret_C NativeClass:/Script/Engine.Pawn Name:BP_Turret_C_UAID_7427EAB8256612FD01_1805245501 Label:BP_Turret SpatiallyLoaded:1 Bounds:IsValid=true, Min=(X=494.552 Y=-1893.923 Z=-1123.530), Max=(X=996.699 Y=-1597.189 Z=-906.010) RuntimeGrid:None EditorOnly:0 RuntimeOnly:0 HLODRelevant:0 ListedInSceneOutliner:1 IsMainWorldOnly:0
 |   |   |- [+] [ 17]
 |   |   |   |- Guid:8CFFC72148BD561D0D9558AC7E0F08E0 BaseClass:/Game/FirstPerson/Blueprints/PlayerCharacter.PlayerCharacter_C NativeClass:/Script/Engine.Pawn Name:PlayerCharacter_C_UAID_E89C2573D497C0F001_1383441394 Label:PlayerCharacter SpatiallyLoaded:1 Bounds:IsValid=true, Min=(X=425.000 Y=-105.000 Z=2104.000), Max=(X=535.000 Y=5.000 Z=2296.000) RuntimeGrid:None EditorOnly:0 RuntimeOnly:0 HLODRelevant:0 ListedInSceneOutliner:1 IsMainWorldOnly:0
 |   |   |- [+] [ 18]
 |   |   |   |- Guid:90D3CB394A6DE47FFDE4B5938254751D BaseClass:/Game/Enemy/Turret/BP_Turret.BP_Turret_C NativeClass:/Script/Engine.Pawn Name:BP_Turret_C_UAID_7427EAB8256612FD01_1817858513 Label:BP_Turret SpatiallyLoaded:1 Bounds:IsValid=true, Min=(X=-211.136 Y=596.658 Z=-2145.621), Max=(X=264.730 Y=896.559 Z=-1911.122) RuntimeGrid:None EditorOnly:0 RuntimeOnly:0 HLODRelevant:0 ListedInSceneOutliner:1 IsMainWorldOnly:0
 |   |   |- [+] [ 19]
 |   |   |   |- Guid:9EFA33534C3929FA8FA7F6B1B84B2C25 BaseClass:/Game/Enemy/Turret/BP_Turret.BP_Turret_C NativeClass:/Script/Engine.Pawn Name:BP_Turret_C_UAID_7427EAB8256612FD01_1817841509 Label:BP_Turret SpatiallyLoaded:1 Bounds:IsValid=true, Min=(X=-313.805 Y=101.550 Z=-2247.490), Max=(X=159.355 Y=394.212 Z=-2036.413) RuntimeGrid:None EditorOnly:0 RuntimeOnly:0 HLODRelevant:0 ListedInSceneOutliner:1 IsMainWorldOnly:0
 |   |   |- [+] [ 20]
 |   |   |   |- Guid:A4BB12A84CC17EA6460DBCA66B84A859 BaseClass:/Game/Enemy/Turret/BP_Turret.BP_Turret_C NativeClass:/Script/Engine.Pawn Name:BP_Turret_C_UAID_7427EAB8256612FD01_1818396529 Label:BP_Turret SpatiallyLoaded:1 Bounds:IsValid=true, Min=(X=-110.240 Y=-1148.770 Z=-2018.275), Max=(X=343.203 Y=-917.538 Z=-1776.527) RuntimeGrid:None EditorOnly:0 RuntimeOnly:0 HLODRelevant:0 ListedInSceneOutliner:1 IsMainWorldOnly:0
 |   |   |- [+] [ 21]
 |   |   |   |- Guid:BCB6B65C4230A33D86F33AA1AF28A96C BaseClass: NativeClass:/Script/Engine.PointLight Name:PointLight_UAID_E89C2573D497BFF001_1759356216 Label:PointLight4 SpatiallyLoaded:1 Bounds:IsValid=true, Min=(X=-11374.000 Y=-13354.000 Z=-15224.000), Max=(X=21394.000 Y=19414.000 Z=17544.000) RuntimeGrid:None EditorOnly:0 RuntimeOnly:0 HLODRelevant:0 ListedInSceneOutliner:1 IsMainWorldOnly:0
 |   |   |- [+] [ 22]
 |   |   |   |- Guid:C73ACB5D41C094DEEAD8BA87CEDF20F5 BaseClass: NativeClass:/Script/Engine.ExponentialHeightFog Name:ExponentialHeightFog_UAID_E4A8DFF90C7A2AFB01_1718635608 Label:ExponentialHeightFog SpatiallyLoaded:0 Bounds:IsValid=true, Min=(X=0.000 Y=0.000 Z=23.348), Max=(X=0.000 Y=0.000 Z=23.348) RuntimeGrid:None EditorOnly:0 RuntimeOnly:0 HLODRelevant:0 ListedInSceneOutliner:1 IsMainWorldOnly:0 Parent:CABD45D547B2E1A6A17309A80F691810
 |   |   |   |- Guid:CABD45D547B2E1A6A17309A80F691810 BaseClass: NativeClass:/Script/Engine.PointLight Name:PointLight_UAID_E89C2573D49798EF01_2106693296 Label:PointLight SpatiallyLoaded:1 Bounds:IsValid=true, Min=(X=-13774.000 Y=-16364.000 Z=-23654.000), Max=(X=18994.000 Y=16404.000 Z=9114.000) RuntimeGrid:None EditorOnly:0 RuntimeOnly:0 HLODRelevant:0 ListedInSceneOutliner:1 IsMainWorldOnly:0
 |   |   |- [+] [ 23]
 |   |   |   |- Guid:CE3AA6EC438B73A4D89BCA888B114BC4 BaseClass: NativeClass:/Script/Engine.SkyAtmosphere Name:SkyAtmosphere_UAID_E4A8DFF90C7A2AFB01_1302536607 Label:SkyAtmosphere SpatiallyLoaded:0 Bounds:IsValid=true, Min=(X=0.000 Y=0.000 Z=215.895), Max=(X=0.000 Y=0.000 Z=215.895) RuntimeGrid:None EditorOnly:0 RuntimeOnly:0 HLODRelevant:0 ListedInSceneOutliner:1 IsMainWorldOnly:0
 |   |   |- [+] [ 24]
 |   |   |   |- Guid:D1FA5F4B4406CEF1DCAA87BC2A44BE41 BaseClass:/Game/Enemy/Turret/BP_Turret.BP_Turret_C NativeClass:/Script/Engine.Pawn Name:BP_Turret_C_UAID_7427EAB8256612FD01_1817875518 Label:BP_Turret SpatiallyLoaded:1 Bounds:IsValid=true, Min=(X=-1449.642 Y=723.543 Z=-1639.906), Max=(X=-965.525 Y=1169.249 Z=-1399.980) RuntimeGrid:None EditorOnly:0 RuntimeOnly:0 HLODRelevant:0 ListedInSceneOutliner:1 IsMainWorldOnly:0
 |   |   |- [+] [ 25]
 |   |   |   |- Guid:D29DF3D849CFD64759F04897579D41FF BaseClass: NativeClass:/Script/Engine.StaticMeshActor Name:StaticMeshActor_UAID_E4A8DFF90C7AEAFA01_1721608345 Label:StaticMeshActor SpatiallyLoaded:1 Bounds:IsValid=true, Min=(X=-620.000 Y=-340.000 Z=1910.000), Max=(X=-620.000 Y=-340.000 Z=1910.000) RuntimeGrid:None EditorOnly:0 RuntimeOnly:0 HLODRelevant:0 ListedInSceneOutliner:1 IsMainWorldOnly:0
 |   |   |- [+] [ 26]
 |   |   |   |- Guid:D86D1A78445EB5539BBCA8A6C38F964C BaseClass:/Game/FirstPerson/Blueprints/BP_Pickup_Rifle.BP_Pickup_Rifle_C NativeClass:/Script/Engine.Actor Name:BP_Pickup_Rifle_C_UAID_088FC36558DCC2EC01_2073067519 Label:BP_Pickup_Rifle SpatiallyLoaded:1 Bounds:IsValid=true, Min=(X=880.000 Y=142.665 Z=1910.000), Max=(X=1040.000 Y=339.100 Z=2081.608) RuntimeGrid:None EditorOnly:0 RuntimeOnly:0 HLODRelevant:0 ListedInSceneOutliner:1 IsMainWorldOnly:0
 |   |   |- [+] [ 27]
 |   |   |   |- Guid:E883933440B2CEDBAA17538AC4A98625 BaseClass:/Game/Enemy/Turret/BP_Turret.BP_Turret_C NativeClass:/Script/Engine.Pawn Name:BP_Turret_C_UAID_7427EAB8256612FD01_1817835508 Label:BP_Turret SpatiallyLoaded:1 Bounds:IsValid=true, Min=(X=-1431.671 Y=-103.801 Z=-1869.532), Max=(X=-1107.417 Y=373.033 Z=-1625.971) RuntimeGrid:None EditorOnly:0 RuntimeOnly:0 HLODRelevant:0 ListedInSceneOutliner:1 IsMainWorldOnly:0
 |   |   |- [+] [ 28]
 |   |   |   |- Guid:EC03BA124A17A1D38A28DAA634CB7A1C BaseClass:/Game/Enemy/Turret/BP_Turret.BP_Turret_C NativeClass:/Script/Engine.Pawn Name:BP_Turret_C_UAID_7427EAB8256612FD01_1805266507 Label:BP_Turret SpatiallyLoaded:1 Bounds:IsValid=true, Min=(X=835.130 Y=998.480 Z=-1533.612), Max=(X=1273.284 Y=1488.867 Z=-1297.013) RuntimeGrid:None EditorOnly:0 RuntimeOnly:0 HLODRelevant:0 ListedInSceneOutliner:1 IsMainWorldOnly:0
 |   |   |- [+] [ 29]
 |   |   |   |- Guid:F844BF4942BB1C5862E9968479099D4D BaseClass:/Game/Enemy/Turret/BP_Turret.BP_Turret_C NativeClass:/Script/Engine.Pawn Name:BP_Turret_C_UAID_7427EAB8256612FD01_1817847510 Label:BP_Turret SpatiallyLoaded:1 Bounds:IsValid=true, Min=(X=-1513.803 Y=-916.598 Z=-1659.756), Max=(X=-1191.769 Y=-412.602 Z=-1419.307) RuntimeGrid:None EditorOnly:0 RuntimeOnly:0 HLODRelevant:0 ListedInSceneOutliner:1 IsMainWorldOnly:0
 |   |   |- [+] [ 30]
 |   |   |   |- Guid:FE51B56F4EFA07EA27F42F87D941F3F0 BaseClass:/Game/Enemy/Turret/BP_Turret.BP_Turret_C NativeClass:/Script/Engine.Pawn Name:BP_Turret_C_UAID_7427EAB8256612FD01_1817865515 Label:BP_Turret SpatiallyLoaded:1 Bounds:IsValid=true, Min=(X=935.524 Y=-1879.831 Z=-661.039), Max=(X=1437.832 Y=-1529.032 Z=-465.005) RuntimeGrid:None EditorOnly:0 RuntimeOnly:0 HLODRelevant:0 ListedInSceneOutliner:1 IsMainWorldOnly:0
 |- ContainerInstances:
 |- [+] MainContainer:
 |   |-        ID: 00000000000000000000000000000000
 |   |-  ParentID: 00000000000000000000000000000000
 |   |-    Bounds: IsValid=false, Min=(X=0.000 Y=0.000 Z=0.000), Max=(X=0.000 Y=0.000 Z=0.000)
 |   |- Transform: 0.000000,0.000000,0.000000|0.000000,0.000000,-0.000000|1.000000,1.000000,1.000000
 |   |- Container: /Game/Maps/FirstPersonMap
----------------------------------------------------------------------------------------------------------------
FirstPersonMap - Persistent Level
----------------------------------------------------------------------------------------------------------------
[+] Content of FirstPersonMap Persistent Level
 |- Always loaded Actor Count: 38 
 |- Actor Path: /Game/Maps/FirstPersonMap.FirstPersonMap:PersistentLevel.AbstractNavData-Default
 |- Actor Package: /Game/Maps/FirstPersonMap
 |- Actor Path: /Game/Maps/FirstPersonMap.FirstPersonMap:PersistentLevel.BP_Pickup_Rifle_C_UAID_088FC36558DCC2EC01_2073067519
 |- Actor Package: /Game/__ExternalActors__/Maps/FirstPersonMap/7/42/G4PWRI1LPYFSZNYSGEY46W
 |- Actor Path: /Game/Maps/FirstPersonMap.FirstPersonMap:PersistentLevel.BP_Return_C_UAID_A8A159071AFE79EC01_1823791671
 |- Actor Package: /Game/__ExternalActors__/Maps/FirstPersonMap/3/BI/380EC3BQ4TJT0EY94GNILR
 |- Actor Path: /Game/Maps/FirstPersonMap.FirstPersonMap:PersistentLevel.BP_Turret_C_UAID_7427EAB8256612FD01_1805227496
 |- Actor Package: /Game/__ExternalActors__/Maps/FirstPersonMap/D/SS/U3I760JOQ0PA5TUSSF4XGN
 |- Actor Path: /Game/Maps/FirstPersonMap.FirstPersonMap:PersistentLevel.BP_Turret_C_UAID_7427EAB8256612FD01_1805245501
 |- Actor Package: /Game/__ExternalActors__/Maps/FirstPersonMap/5/J0/1LMHMMZVI2BA9ZY523MM7Z
 |- Actor Path: /Game/Maps/FirstPersonMap.FirstPersonMap:PersistentLevel.BP_Turret_C_UAID_7427EAB8256612FD01_1805249502
 |- Actor Package: /Game/__ExternalActors__/Maps/FirstPersonMap/3/7W/2EJ3UV5SI096NN2FCKCALO
 |- Actor Path: /Game/Maps/FirstPersonMap.FirstPersonMap:PersistentLevel.BP_Turret_C_UAID_7427EAB8256612FD01_1805260505
 |- Actor Package: /Game/__ExternalActors__/Maps/FirstPersonMap/C/MC/TMWOOHWNH5TEOQ05IIKIHJ
 |- Actor Path: /Game/Maps/FirstPersonMap.FirstPersonMap:PersistentLevel.BP_Turret_C_UAID_7427EAB8256612FD01_1805266507
 |- Actor Package: /Game/__ExternalActors__/Maps/FirstPersonMap/B/QX/UH0SIM9LU5DQ462Q2SDP99
 |- Actor Path: /Game/Maps/FirstPersonMap.FirstPersonMap:PersistentLevel.BP_Turret_C_UAID_7427EAB8256612FD01_1817835508
 |- Actor Package: /Game/__ExternalActors__/Maps/FirstPersonMap/E/T6/Q1CH97NPIZIRS2PO5PX3ML
 |- Actor Path: /Game/Maps/FirstPersonMap.FirstPersonMap:PersistentLevel.BP_Turret_C_UAID_7427EAB8256612FD01_1817841509
 |- Actor Package: /Game/__ExternalActors__/Maps/FirstPersonMap/7/U9/T1V0AGSS5VMVKB3Y0OF7IN
 |- Actor Path: /Game/Maps/FirstPersonMap.FirstPersonMap:PersistentLevel.BP_Turret_C_UAID_7427EAB8256612FD01_1817847510
 |- Actor Package: /Game/__ExternalActors__/Maps/FirstPersonMap/8/9A/IS0MOM204P014BNXZETCPT
 |- Actor Path: /Game/Maps/FirstPersonMap.FirstPersonMap:PersistentLevel.BP_Turret_C_UAID_7427EAB8256612FD01_1817851511
 |- Actor Package: /Game/__ExternalActors__/Maps/FirstPersonMap/0/7M/UEPB84VB6GYPHHIB85N9T2
 |- Actor Path: /Game/Maps/FirstPersonMap.FirstPersonMap:PersistentLevel.BP_Turret_C_UAID_7427EAB8256612FD01_1817854512
 |- Actor Package: /Game/__ExternalActors__/Maps/FirstPersonMap/C/A9/XGG3LLYI6DIKSH5L5XW62E
 |- Actor Path: /Game/Maps/FirstPersonMap.FirstPersonMap:PersistentLevel.BP_Turret_C_UAID_7427EAB8256612FD01_1817858513
 |- Actor Package: /Game/__ExternalActors__/Maps/FirstPersonMap/3/QA/9SXIDYMTTB9UE4U70VK0SJ
 |- Actor Path: /Game/Maps/FirstPersonMap.FirstPersonMap:PersistentLevel.BP_Turret_C_UAID_7427EAB8256612FD01_1817865515
 |- Actor Package: /Game/__ExternalActors__/Maps/FirstPersonMap/8/9L/0IMAK3H346JYW8PAYV5I2W
 |- Actor Path: /Game/Maps/FirstPersonMap.FirstPersonMap:PersistentLevel.BP_Turret_C_UAID_7427EAB8256612FD01_1817875518
 |- Actor Package: /Game/__ExternalActors__/Maps/FirstPersonMap/B/8X/JU9M7FMDTHFCBWJ854K38G
 |- Actor Path: /Game/Maps/FirstPersonMap.FirstPersonMap:PersistentLevel.BP_Turret_C_UAID_7427EAB8256612FD01_1818377524
 |- Actor Package: /Game/__ExternalActors__/Maps/FirstPersonMap/7/YR/5EW0Y8ZRYRTOLJ671P1Z6O
 |- Actor Path: /Game/Maps/FirstPersonMap.FirstPersonMap:PersistentLevel.BP_Turret_C_UAID_7427EAB8256612FD01_1818392528
 |- Actor Package: /Game/__ExternalActors__/Maps/FirstPersonMap/B/RE/TUNCS4L01FZPNM5WKRQEZD
 |- Actor Path: /Game/Maps/FirstPersonMap.FirstPersonMap:PersistentLevel.BP_Turret_C_UAID_7427EAB8256612FD01_1818396529
 |- Actor Package: /Game/__ExternalActors__/Maps/FirstPersonMap/E/25/M9JHA511PFWA0DMCS5N9R4
 |- Actor Path: /Game/Maps/FirstPersonMap.FirstPersonMap:PersistentLevel.BP_Turret_C_UAID_7427EAB8256612FD01_1818399530
 |- Actor Package: /Game/__ExternalActors__/Maps/FirstPersonMap/B/6K/HF86ZQ70XZ8N7FWK8M0S0O
 |- Actor Path: /Game/Maps/FirstPersonMap.FirstPersonMap:PersistentLevel.BP_Turret_C_UAID_7427EAB8256612FD01_1818403531
 |- Actor Package: /Game/__ExternalActors__/Maps/FirstPersonMap/6/QY/UFMU5YDJO94SCERMO9MDMB
 |- Actor Path: /Game/Maps/FirstPersonMap.FirstPersonMap:PersistentLevel.Brush_0
 |- Actor Package: /Game/Maps/FirstPersonMap
 |- Actor Path: /Game/Maps/FirstPersonMap.FirstPersonMap:PersistentLevel.DefaultPhysicsVolume_0
 |- Actor Package: /Game/Maps/FirstPersonMap
 |- Actor Path: /Game/Maps/FirstPersonMap.FirstPersonMap:PersistentLevel.ExponentialHeightFog_UAID_E4A8DFF90C7A2AFB01_1718635608
 |- Actor Package: /Game/__ExternalActors__/Maps/FirstPersonMap/A/SG/SPLVDV4TWSKIZBW8UQRGUN
 |- Actor Path: /Game/Maps/FirstPersonMap.FirstPersonMap:PersistentLevel.FirstPersonExampleMap_C_1
 |- Actor Package: /Game/Maps/FirstPersonMap
 |- Actor Path: /Game/Maps/FirstPersonMap.FirstPersonMap:PersistentLevel.GameplayDebuggerPlayerManager_0
 |- Actor Package: /Game/Maps/FirstPersonMap
 |- Actor Path: /Game/Maps/FirstPersonMap.FirstPersonMap:PersistentLevel.PlayerCharacter_C_UAID_E89C2573D497C0F001_1383441394
 |- Actor Package: /Game/__ExternalActors__/Maps/FirstPersonMap/2/AX/VJSFOO3RQU48YOLV1EVWXV
 |- Actor Path: /Game/Maps/FirstPersonMap.FirstPersonMap:PersistentLevel.PointLight_UAID_E89C2573D49798EF01_2106693296
 |- Actor Package: /Game/__ExternalActors__/Maps/FirstPersonMap/2/7W/AURWQEEN3VSHF0B1V1NWOO
 |- Actor Path: /Game/Maps/FirstPersonMap.FirstPersonMap:PersistentLevel.PointLight_UAID_E89C2573D49799EF01_1104831473
 |- Actor Package: /Game/__ExternalActors__/Maps/FirstPersonMap/7/KK/YUW3PTLX3OJLUM19GVX2LN
 |- Actor Path: /Game/Maps/FirstPersonMap.FirstPersonMap:PersistentLevel.PointLight_UAID_E89C2573D497BFF001_1339184215
 |- Actor Package: /Game/__ExternalActors__/Maps/FirstPersonMap/5/5K/6B3Q2M7HSZMHFL9PGND9ZU
 |- Actor Path: /Game/Maps/FirstPersonMap.FirstPersonMap:PersistentLevel.PointLight_UAID_E89C2573D497BFF001_1759356216
 |- Actor Package: /Game/__ExternalActors__/Maps/FirstPersonMap/B/0E/HT3DFHFILRDSQWFBM01B8U
 |- Actor Path: /Game/Maps/FirstPersonMap.FirstPersonMap:PersistentLevel.PointLight_UAID_E89C2573D497BFF001_1776030217
 |- Actor Package: /Game/__ExternalActors__/Maps/FirstPersonMap/B/FY/1NH7A3YWH4Z3W8Z29URH96
 |- Actor Path: /Game/Maps/FirstPersonMap.FirstPersonMap:PersistentLevel.SkyAtmosphere_UAID_E4A8DFF90C7A2AFB01_1302536607
 |- Actor Package: /Game/__ExternalActors__/Maps/FirstPersonMap/E/SN/XD7SRT3QUWA9NROQPG16R5
 |- Actor Path: /Game/Maps/FirstPersonMap.FirstPersonMap:PersistentLevel.StaticMeshActor_UAID_E4A8DFF90C7AEAFA01_1721608345
 |- Actor Package: /Game/__ExternalActors__/Maps/FirstPersonMap/C/TD/C41GSVGMEPLFNAT6P1S0GW
 |- Actor Path: /Game/Maps/FirstPersonMap.FirstPersonMap:PersistentLevel.SunSky_C_UAID_E4A8DFF90C7A2BFB01_1164576783
 |- Actor Package: /Game/__ExternalActors__/Maps/FirstPersonMap/0/PW/Y8U343VPC8VFCAQRE2DN26
 |- Actor Path: /Game/Maps/FirstPersonMap.FirstPersonMap:PersistentLevel.TerrainBP_C_UAID_A8A159071AFE78EC01_1803719495
 |- Actor Package: /Game/__ExternalActors__/Maps/FirstPersonMap/4/1W/Z7O72Q6LXT9ONOL485SXEQ
 |- Actor Path: /Game/Maps/FirstPersonMap.FirstPersonMap:PersistentLevel.WorldDataLayers
 |- Actor Package: /Game/__ExternalActors__/Maps/FirstPersonMap/B/D0/47PXUBWBUXPV95S4OEQ7HH
 |- Actor Path: /Game/Maps/FirstPersonMap.FirstPersonMap:PersistentLevel.WorldInfo_0
 |- Actor Package: /Game/Maps/FirstPersonMap

----------------------------------------------------------------------------------------------------------------
FirstPersonMap - Runtime Spatial Hash - Streaming Grid - MainGrid
----------------------------------------------------------------------------------------------------------------
            Origin: X=0.000 Y=0.000 Z=0.000
         Cell Size: 12800
      World Bounds: IsValid=false, Min=(X=0.000 Y=0.000 Z=0.000), Max=(X=0.000 Y=0.000 Z=0.000)
     Loading Range: 25600.00
Block Slow Loading: No
 ClientOnlyVisible: No
            Origin: X=0.000 Y=0.000 Z=0.000

[+] Grid Levels: 1
 |- Level  0: Cell Count    0 | Cell Size   12800 | Actor Count    0 (0.0%)

[+] Content of Grid Level 0

