[+] Containers:
 |- [+] Container: /Game/Maps/FirstPersonMap
 |   |- [+] ActorDescs:
 |   |   |- Guid:0A6ECCD144583BC910E639885FE33EFA BaseClass: NativeClass:/Script/Engine.WorldDataLayers Name:WorldDataLayers Label:WorldDataLayers SpatiallyLoaded:0 Bounds:Invalid RuntimeGrid:None EditorOnly:0 RuntimeOnly:0 HLODRelevant:0 ListedInSceneOutliner:1 IsMainWorldOnly:1
 |   |   |- Guid:0B5B47824C40B2755F7C7E82F4BDB67D BaseClass:/Game/JW/TerrainBP.TerrainBP_C NativeClass:/Script/GeometryScriptingEditor.GeneratedDynamicMeshActor Name:TerrainBP_C_UAID_A8A159071AFE78EC01_1803719495 Label:TerrainBP SpatiallyLoaded:1 Bounds:IsValid=true, Min=(X=-3400.079 Y=-612.442 Z=-864.987), Max=(X=1139.689 Y=3611.900 Z=3547.367) RuntimeGrid:None EditorOnly:0 RuntimeOnly:0 HLODRelevant:0 ListedInSceneOutliner:1 IsMainWorldOnly:0
 |   |   |- Guid:54AB46614D7CFA5E51C903A913A0BA6A BaseClass: NativeClass:/Script/Engine.DirectionalLight Name:DirectionalLight_UAID_A8A159071AFE78EC01_1832812496 Label:DirectionalLight SpatiallyLoaded:0 Bounds:IsValid=true, Min=(X=-4398046511104.000 Y=-4398046511104.000 Z=-4398046511104.000), Max=(X=4398046511104.000 Y=4398046511104.000 Z=4398046511104.000) RuntimeGrid:None EditorOnly:0 RuntimeOnly:0 HLODRelevant:0 ListedInSceneOutliner:1 IsMainWorldOnly:0
 |   |   |- Guid:5677230F42E0063D0E00F08548585B0E BaseClass: NativeClass:/Script/Engine.PlayerStart Name:PlayerStart_UAID_A8A159071AFE78EC01_1847735497 Label:PlayerStart SpatiallyLoaded:0 Bounds:IsValid=true, Min=(X=-1830.000 Y=1790.000 Z=4960.000), Max=(X=-1750.000 Y=1870.000 Z=5144.000) RuntimeGrid:None EditorOnly:0 RuntimeOnly:0 HLODRelevant:0 ListedInSceneOutliner:1 IsMainWorldOnly:0
 |   |- [+] Clusters:
 |   |   |- [+] [  0]
 |   |   |   |- Guid:0A6ECCD144583BC910E639885FE33EFA BaseClass: NativeClass:/Script/Engine.WorldDataLayers Name:WorldDataLayers Label:WorldDataLayers SpatiallyLoaded:0 Bounds:Invalid RuntimeGrid:None EditorOnly:0 RuntimeOnly:0 HLODRelevant:0 ListedInSceneOutliner:1 IsMainWorldOnly:1
 |   |   |- [+] [  1]
 |   |   |   |- Guid:0B5B47824C40B2755F7C7E82F4BDB67D BaseClass:/Game/JW/TerrainBP.TerrainBP_C NativeClass:/Script/GeometryScriptingEditor.GeneratedDynamicMeshActor Name:TerrainBP_C_UAID_A8A159071AFE78EC01_1803719495 Label:TerrainBP SpatiallyLoaded:1 Bounds:IsValid=true, Min=(X=-3400.079 Y=-612.442 Z=-864.987), Max=(X=1139.689 Y=3611.900 Z=3547.367) RuntimeGrid:None EditorOnly:0 RuntimeOnly:0 HLODRelevant:0 ListedInSceneOutliner:1 IsMainWorldOnly:0
 |   |   |- [+] [  2]
 |   |   |   |- Guid:54AB46614D7CFA5E51C903A913A0BA6A BaseClass: NativeClass:/Script/Engine.DirectionalLight Name:DirectionalLight_UAID_A8A159071AFE78EC01_1832812496 Label:DirectionalLight SpatiallyLoaded:0 Bounds:IsValid=true, Min=(X=-4398046511104.000 Y=-4398046511104.000 Z=-4398046511104.000), Max=(X=4398046511104.000 Y=4398046511104.000 Z=4398046511104.000) RuntimeGrid:None EditorOnly:0 RuntimeOnly:0 HLODRelevant:0 ListedInSceneOutliner:1 IsMainWorldOnly:0
 |   |   |- [+] [  3]
 |   |   |   |- Guid:5677230F42E0063D0E00F08548585B0E BaseClass: NativeClass:/Script/Engine.PlayerStart Name:PlayerStart_UAID_A8A159071AFE78EC01_1847735497 Label:PlayerStart SpatiallyLoaded:0 Bounds:IsValid=true, Min=(X=-1830.000 Y=1790.000 Z=4960.000), Max=(X=-1750.000 Y=1870.000 Z=5144.000) RuntimeGrid:None EditorOnly:0 RuntimeOnly:0 HLODRelevant:0 ListedInSceneOutliner:1 IsMainWorldOnly:0
 |- ContainerInstances:
 |- [+] MainContainer:
 |   |-        ID: 00000000000000000000000000000000
 |   |-  ParentID: 00000000000000000000000000000000
 |   |-    Bounds: IsValid=false, Min=(X=0.000 Y=0.000 Z=0.000), Max=(X=0.000 Y=0.000 Z=0.000)
 |   |- Transform: 0.000000,0.000000,0.000000|0.000000,0.000000,-0.000000|1.000000,1.000000,1.000000
 |   |- Container: /Game/Maps/FirstPersonMap
----------------------------------------------------------------------------------------------------------------
FirstPersonMap - Persistent Level
----------------------------------------------------------------------------------------------------------------
[+] Content of FirstPersonMap Persistent Level
 |- Always loaded Actor Count: 11 
 |- Actor Path: /Game/Maps/UEDPIE_0_FirstPersonMap.FirstPersonMap:PersistentLevel.Brush_0
 |- Actor Package: /Game/Maps/UEDPIE_0_FirstPersonMap
 |- Actor Path: /Game/Maps/UEDPIE_0_FirstPersonMap.FirstPersonMap:PersistentLevel.ChaosDebugDrawActor
 |- Actor Package: /Game/Maps/UEDPIE_0_FirstPersonMap
 |- Actor Path: /Game/Maps/UEDPIE_0_FirstPersonMap.FirstPersonMap:PersistentLevel.DefaultPhysicsVolume_0
 |- Actor Package: /Game/Maps/UEDPIE_0_FirstPersonMap
 |- Actor Path: /Game/Maps/UEDPIE_0_FirstPersonMap.FirstPersonMap:PersistentLevel.DirectionalLight_UAID_A8A159071AFE78EC01_1832812496
 |- Actor Package: /Game/Maps/UEDPIE_0_FirstPersonMap_InstanceOf_/Game/__ExternalActors__/Maps/FirstPersonMap/9/BX/0YD9YIS2I9320Y79LBSRPH
 |- Actor Path: /Game/Maps/UEDPIE_0_FirstPersonMap.FirstPersonMap:PersistentLevel.FirstPersonExampleMap_C_1
 |- Actor Package: /Game/Maps/UEDPIE_0_FirstPersonMap
 |- Actor Path: /Game/Maps/UEDPIE_0_FirstPersonMap.FirstPersonMap:PersistentLevel.GameplayDebuggerPlayerManager_0
 |- Actor Package: /Game/Maps/UEDPIE_0_FirstPersonMap
 |- Actor Path: /Game/Maps/UEDPIE_0_FirstPersonMap.FirstPersonMap:PersistentLevel.PlayerStart_UAID_A8A159071AFE78EC01_1847735497
 |- Actor Package: /Game/Maps/UEDPIE_0_FirstPersonMap_InstanceOf_/Game/__ExternalActors__/Maps/FirstPersonMap/7/UQ/YO283JM695W9U6R09D9ZU2
 |- Actor Path: /Game/Maps/UEDPIE_0_FirstPersonMap.FirstPersonMap:PersistentLevel.TerrainBP_C_UAID_A8A159071AFE78EC01_1803719495
 |- Actor Package: /Game/Maps/UEDPIE_0_FirstPersonMap_InstanceOf_/Game/__ExternalActors__/Maps/FirstPersonMap/4/1W/Z7O72Q6LXT9ONOL485SXEQ
 |- Actor Path: /Game/Maps/UEDPIE_0_FirstPersonMap.FirstPersonMap:PersistentLevel.WorldDataLayers
 |- Actor Package: /Game/__ExternalActors__/Maps/FirstPersonMap/B/D0/47PXUBWBUXPV95S4OEQ7HH
 |- Actor Path: /Game/Maps/UEDPIE_0_FirstPersonMap.FirstPersonMap:PersistentLevel.WorldInfo_0
 |- Actor Package: /Game/Maps/UEDPIE_0_FirstPersonMap
 |- Actor Path: /Game/Maps/UEDPIE_0_FirstPersonMap.FirstPersonMap:PersistentLevel.WorldPartitionReplay
 |- Actor Package: /Game/Maps/UEDPIE_0_FirstPersonMap

----------------------------------------------------------------------------------------------------------------
FirstPersonMap - Runtime Spatial Hash - Streaming Grid - MainGrid
----------------------------------------------------------------------------------------------------------------
            Origin: X=0.000 Y=0.000 Z=0.000
         Cell Size: 12800
      World Bounds: IsValid=false, Min=(X=0.000 Y=0.000 Z=0.000), Max=(X=0.000 Y=0.000 Z=0.000)
     Loading Range: 25600.00
Block Slow Loading: No
 ClientOnlyVisible: No
            Origin: X=0.000 Y=0.000 Z=0.000

[+] Grid Levels: 1
 |- Level  0: Cell Count    0 | Cell Size   12800 | Actor Count    0 (0.0%)

[+] Content of Grid Level 0

