[+] Containers:
 |- [+] Container: /Game/Maps/FirstPersonMap
 |   |- [+] ActorDescs:
 |   |   |- Guid:0A6ECCD144583BC910E639885FE33EFA BaseClass: NativeClass:/Script/Engine.WorldDataLayers Name:WorldDataLayers Label:WorldDataLayers SpatiallyLoaded:0 Bounds:Invalid RuntimeGrid:None EditorOnly:0 RuntimeOnly:0 HLODRelevant:0 ListedInSceneOutliner:1 IsMainWorldOnly:1
 |   |   |- Guid:0B5B47824C40B2755F7C7E82F4BDB67D BaseClass:/Game/JW/TerrainBP.TerrainBP_C NativeClass:/Script/GeometryScriptingEditor.GeneratedDynamicMeshActor Name:TerrainBP_C_UAID_A8A159071AFE78EC01_1803719495 Label:TerrainBP SpatiallyLoaded:1 Bounds:IsValid=true, Min=(X=-2021.711 Y=-2050.021 Z=-2044.502), Max=(X=2050.818 Y=2023.304 Z=2072.756) RuntimeGrid:None EditorOnly:0 RuntimeOnly:0 HLODRelevant:0 ListedInSceneOutliner:1 IsMainWorldOnly:0
 |   |   |- Guid:1B4AF9BF4676BADF0686CD844291DE80 BaseClass:/Game/JW/BP_Fuel.BP_Fuel_C NativeClass:/Script/Engine.Actor Name:BP_Fuel_C_UAID_7427EAB8256614FD01_1200066046 Label:BP_Fuel SpatiallyLoaded:1 Bounds:IsValid=true, Min=(X=1512.720 Y=47.338 Z=-1173.661), Max=(X=1684.927 Y=203.489 Z=-986.899) RuntimeGrid:None EditorOnly:0 RuntimeOnly:0 HLODRelevant:0 ListedInSceneOutliner:1 IsMainWorldOnly:0
 |   |   |- Guid:2C692FFF411CBE3C864F24AE4054433D BaseClass: NativeClass:/Script/Engine.PointLight Name:PointLight_UAID_E89C2573D497BFF001_1339184215 Label:PointLight3 SpatiallyLoaded:1 Bounds:IsValid=true, Min=(X=-11374.000 Y=-26154.000 Z=-10694.000), Max=(X=21394.000 Y=6614.000 Z=22074.000) RuntimeGrid:None EditorOnly:0 RuntimeOnly:0 HLODRelevant:0 ListedInSceneOutliner:1 IsMainWorldOnly:0
 |   |   |- Guid:53EB5C794FEE12E3209626BDA62FFF26 BaseClass: NativeClass:/Script/Engine.PointLight Name:PointLight_UAID_E89C2573D49799EF01_1104831473 Label:PointLight2 SpatiallyLoaded:1 Bounds:IsValid=true, Min=(X=-25374.000 Y=-9964.000 Z=-10094.000), Max=(X=7394.000 Y=22804.000 Z=22674.000) RuntimeGrid:None EditorOnly:0 RuntimeOnly:0 HLODRelevant:0 ListedInSceneOutliner:1 IsMainWorldOnly:0
 |   |   |- Guid:56A9083B4E2B139B27CE3582692965B2 BaseClass:/SunPosition/SunSky.SunSky_C NativeClass:/Script/Engine.Actor Name:SunSky_C_UAID_E4A8DFF90C7A2BFB01_1164576783 Label:SunSky SpatiallyLoaded:0 Bounds:IsValid=true, Min=(X=-4398046511104.000 Y=-4398046511104.000 Z=-4398046511104.000), Max=(X=4398046511104.000 Y=4398046511104.000 Z=4398046511104.000) RuntimeGrid:None EditorOnly:0 RuntimeOnly:0 HLODRelevant:0 ListedInSceneOutliner:1 IsMainWorldOnly:0
 |   |   |- Guid:624A134E41F7C8EBF649FA94264FED9A BaseClass: NativeClass:/Script/Engine.ExponentialHeightFog Name:ExponentialHeightFog_UAID_BCF4D4E279A4140202_1814705127 Label:ExponentialHeightFog2 SpatiallyLoaded:0 Bounds:IsValid=true, Min=(X=-5600.000 Y=-50.000 Z=-6850.000), Max=(X=-5600.000 Y=-50.000 Z=-6850.000) RuntimeGrid:None EditorOnly:0 RuntimeOnly:0 HLODRelevant:0 ListedInSceneOutliner:1 IsMainWorldOnly:0 FolderPath:Lighting FolderGuid:F9E50241497D519514592C894FA6DCD1
 |   |   |- Guid:784C6F1E4D2A47AEFEC27D875246C56D BaseClass: NativeClass:/Script/Engine.PointLight Name:PointLight_UAID_E89C2573D497BFF001_1776030217 Label:PointLight5 SpatiallyLoaded:1 Bounds:IsValid=true, Min=(X=-21834.000 Y=-21104.000 Z=-14954.000), Max=(X=10934.000 Y=11664.000 Z=17814.000) RuntimeGrid:None EditorOnly:0 RuntimeOnly:0 HLODRelevant:0 ListedInSceneOutliner:1 IsMainWorldOnly:0
 |   |   |- Guid:83CE15BE480C359E029D51B64D906D62 BaseClass:/Game/JW/BP_Return.BP_Return_C NativeClass:/Script/Engine.Actor Name:BP_Return_C_UAID_A8A159071AFE79EC01_1823791671 Label:BP_Return SpatiallyLoaded:1 Bounds:IsValid=true, Min=(X=1354.490 Y=119.109 Z=1238.720), Max=(X=2707.582 Y=721.673 Z=2515.618) RuntimeGrid:None EditorOnly:0 RuntimeOnly:0 HLODRelevant:0 ListedInSceneOutliner:1 IsMainWorldOnly:0
 |   |   |- Guid:8CFFC72148BD561D0D9558AC7E0F08E0 BaseClass:/Game/FirstPerson/Blueprints/PlayerCharacter.PlayerCharacter_C NativeClass:/Script/Engine.Pawn Name:PlayerCharacter_C_UAID_E89C2573D497C0F001_1383441394 Label:PlayerCharacter SpatiallyLoaded:1 Bounds:IsValid=true, Min=(X=425.000 Y=-105.000 Z=2104.000), Max=(X=535.000 Y=5.000 Z=2296.000) RuntimeGrid:None EditorOnly:0 RuntimeOnly:0 HLODRelevant:0 ListedInSceneOutliner:1 IsMainWorldOnly:0
 |   |   |- Guid:BCB6B65C4230A33D86F33AA1AF28A96C BaseClass: NativeClass:/Script/Engine.PointLight Name:PointLight_UAID_E89C2573D497BFF001_1759356216 Label:PointLight4 SpatiallyLoaded:1 Bounds:IsValid=true, Min=(X=-11374.000 Y=-13354.000 Z=-15224.000), Max=(X=21394.000 Y=19414.000 Z=17544.000) RuntimeGrid:None EditorOnly:0 RuntimeOnly:0 HLODRelevant:0 ListedInSceneOutliner:1 IsMainWorldOnly:0
 |   |   |- Guid:C73ACB5D41C094DEEAD8BA87CEDF20F5 BaseClass: NativeClass:/Script/Engine.ExponentialHeightFog Name:ExponentialHeightFog_UAID_E4A8DFF90C7A2AFB01_1718635608 Label:ExponentialHeightFog SpatiallyLoaded:0 Bounds:IsValid=true, Min=(X=0.000 Y=0.000 Z=23.348), Max=(X=0.000 Y=0.000 Z=23.348) RuntimeGrid:None EditorOnly:0 RuntimeOnly:0 HLODRelevant:0 ListedInSceneOutliner:1 IsMainWorldOnly:0 Parent:CABD45D547B2E1A6A17309A80F691810
 |   |   |- Guid:CABD45D547B2E1A6A17309A80F691810 BaseClass: NativeClass:/Script/Engine.PointLight Name:PointLight_UAID_E89C2573D49798EF01_2106693296 Label:PointLight SpatiallyLoaded:1 Bounds:IsValid=true, Min=(X=-13774.000 Y=-16364.000 Z=-23654.000), Max=(X=18994.000 Y=16404.000 Z=9114.000) RuntimeGrid:None EditorOnly:0 RuntimeOnly:0 HLODRelevant:0 ListedInSceneOutliner:1 IsMainWorldOnly:0
 |   |   |- Guid:CE3AA6EC438B73A4D89BCA888B114BC4 BaseClass: NativeClass:/Script/Engine.SkyAtmosphere Name:SkyAtmosphere_UAID_E4A8DFF90C7A2AFB01_1302536607 Label:SkyAtmosphere SpatiallyLoaded:0 Bounds:IsValid=true, Min=(X=0.000 Y=0.000 Z=215.895), Max=(X=0.000 Y=0.000 Z=215.895) RuntimeGrid:None EditorOnly:0 RuntimeOnly:0 HLODRelevant:0 ListedInSceneOutliner:1 IsMainWorldOnly:0
 |   |   |- Guid:D29DF3D849CFD64759F04897579D41FF BaseClass: NativeClass:/Script/Engine.StaticMeshActor Name:StaticMeshActor_UAID_E4A8DFF90C7AEAFA01_1721608345 Label:StaticMeshActor SpatiallyLoaded:1 Bounds:IsValid=true, Min=(X=-620.000 Y=-340.000 Z=1910.000), Max=(X=-620.000 Y=-340.000 Z=1910.000) RuntimeGrid:None EditorOnly:0 RuntimeOnly:0 HLODRelevant:0 ListedInSceneOutliner:1 IsMainWorldOnly:0
 |   |- [+] Clusters:
 |   |   |- [+] [  0]
 |   |   |   |- Guid:0A6ECCD144583BC910E639885FE33EFA BaseClass: NativeClass:/Script/Engine.WorldDataLayers Name:WorldDataLayers Label:WorldDataLayers SpatiallyLoaded:0 Bounds:Invalid RuntimeGrid:None EditorOnly:0 RuntimeOnly:0 HLODRelevant:0 ListedInSceneOutliner:1 IsMainWorldOnly:1
 |   |   |- [+] [  1]
 |   |   |   |- Guid:0B5B47824C40B2755F7C7E82F4BDB67D BaseClass:/Game/JW/TerrainBP.TerrainBP_C NativeClass:/Script/GeometryScriptingEditor.GeneratedDynamicMeshActor Name:TerrainBP_C_UAID_A8A159071AFE78EC01_1803719495 Label:TerrainBP SpatiallyLoaded:1 Bounds:IsValid=true, Min=(X=-2021.711 Y=-2050.021 Z=-2044.502), Max=(X=2050.818 Y=2023.304 Z=2072.756) RuntimeGrid:None EditorOnly:0 RuntimeOnly:0 HLODRelevant:0 ListedInSceneOutliner:1 IsMainWorldOnly:0
 |   |   |- [+] [  2]
 |   |   |   |- Guid:1B4AF9BF4676BADF0686CD844291DE80 BaseClass:/Game/JW/BP_Fuel.BP_Fuel_C NativeClass:/Script/Engine.Actor Name:BP_Fuel_C_UAID_7427EAB8256614FD01_1200066046 Label:BP_Fuel SpatiallyLoaded:1 Bounds:IsValid=true, Min=(X=1512.720 Y=47.338 Z=-1173.661), Max=(X=1684.927 Y=203.489 Z=-986.899) RuntimeGrid:None EditorOnly:0 RuntimeOnly:0 HLODRelevant:0 ListedInSceneOutliner:1 IsMainWorldOnly:0
 |   |   |- [+] [  3]
 |   |   |   |- Guid:2C692FFF411CBE3C864F24AE4054433D BaseClass: NativeClass:/Script/Engine.PointLight Name:PointLight_UAID_E89C2573D497BFF001_1339184215 Label:PointLight3 SpatiallyLoaded:1 Bounds:IsValid=true, Min=(X=-11374.000 Y=-26154.000 Z=-10694.000), Max=(X=21394.000 Y=6614.000 Z=22074.000) RuntimeGrid:None EditorOnly:0 RuntimeOnly:0 HLODRelevant:0 ListedInSceneOutliner:1 IsMainWorldOnly:0
 |   |   |- [+] [  4]
 |   |   |   |- Guid:53EB5C794FEE12E3209626BDA62FFF26 BaseClass: NativeClass:/Script/Engine.PointLight Name:PointLight_UAID_E89C2573D49799EF01_1104831473 Label:PointLight2 SpatiallyLoaded:1 Bounds:IsValid=true, Min=(X=-25374.000 Y=-9964.000 Z=-10094.000), Max=(X=7394.000 Y=22804.000 Z=22674.000) RuntimeGrid:None EditorOnly:0 RuntimeOnly:0 HLODRelevant:0 ListedInSceneOutliner:1 IsMainWorldOnly:0
 |   |   |- [+] [  5]
 |   |   |   |- Guid:56A9083B4E2B139B27CE3582692965B2 BaseClass:/SunPosition/SunSky.SunSky_C NativeClass:/Script/Engine.Actor Name:SunSky_C_UAID_E4A8DFF90C7A2BFB01_1164576783 Label:SunSky SpatiallyLoaded:0 Bounds:IsValid=true, Min=(X=-4398046511104.000 Y=-4398046511104.000 Z=-4398046511104.000), Max=(X=4398046511104.000 Y=4398046511104.000 Z=4398046511104.000) RuntimeGrid:None EditorOnly:0 RuntimeOnly:0 HLODRelevant:0 ListedInSceneOutliner:1 IsMainWorldOnly:0
 |   |   |- [+] [  6]
 |   |   |   |- Guid:624A134E41F7C8EBF649FA94264FED9A BaseClass: NativeClass:/Script/Engine.ExponentialHeightFog Name:ExponentialHeightFog_UAID_BCF4D4E279A4140202_1814705127 Label:ExponentialHeightFog2 SpatiallyLoaded:0 Bounds:IsValid=true, Min=(X=-5600.000 Y=-50.000 Z=-6850.000), Max=(X=-5600.000 Y=-50.000 Z=-6850.000) RuntimeGrid:None EditorOnly:0 RuntimeOnly:0 HLODRelevant:0 ListedInSceneOutliner:1 IsMainWorldOnly:0 FolderPath:Lighting FolderGuid:F9E50241497D519514592C894FA6DCD1
 |   |   |- [+] [  7]
 |   |   |   |- Guid:784C6F1E4D2A47AEFEC27D875246C56D BaseClass: NativeClass:/Script/Engine.PointLight Name:PointLight_UAID_E89C2573D497BFF001_1776030217 Label:PointLight5 SpatiallyLoaded:1 Bounds:IsValid=true, Min=(X=-21834.000 Y=-21104.000 Z=-14954.000), Max=(X=10934.000 Y=11664.000 Z=17814.000) RuntimeGrid:None EditorOnly:0 RuntimeOnly:0 HLODRelevant:0 ListedInSceneOutliner:1 IsMainWorldOnly:0
 |   |   |- [+] [  8]
 |   |   |   |- Guid:83CE15BE480C359E029D51B64D906D62 BaseClass:/Game/JW/BP_Return.BP_Return_C NativeClass:/Script/Engine.Actor Name:BP_Return_C_UAID_A8A159071AFE79EC01_1823791671 Label:BP_Return SpatiallyLoaded:1 Bounds:IsValid=true, Min=(X=1354.490 Y=119.109 Z=1238.720), Max=(X=2707.582 Y=721.673 Z=2515.618) RuntimeGrid:None EditorOnly:0 RuntimeOnly:0 HLODRelevant:0 ListedInSceneOutliner:1 IsMainWorldOnly:0
 |   |   |- [+] [  9]
 |   |   |   |- Guid:8CFFC72148BD561D0D9558AC7E0F08E0 BaseClass:/Game/FirstPerson/Blueprints/PlayerCharacter.PlayerCharacter_C NativeClass:/Script/Engine.Pawn Name:PlayerCharacter_C_UAID_E89C2573D497C0F001_1383441394 Label:PlayerCharacter SpatiallyLoaded:1 Bounds:IsValid=true, Min=(X=425.000 Y=-105.000 Z=2104.000), Max=(X=535.000 Y=5.000 Z=2296.000) RuntimeGrid:None EditorOnly:0 RuntimeOnly:0 HLODRelevant:0 ListedInSceneOutliner:1 IsMainWorldOnly:0
 |   |   |- [+] [ 10]
 |   |   |   |- Guid:BCB6B65C4230A33D86F33AA1AF28A96C BaseClass: NativeClass:/Script/Engine.PointLight Name:PointLight_UAID_E89C2573D497BFF001_1759356216 Label:PointLight4 SpatiallyLoaded:1 Bounds:IsValid=true, Min=(X=-11374.000 Y=-13354.000 Z=-15224.000), Max=(X=21394.000 Y=19414.000 Z=17544.000) RuntimeGrid:None EditorOnly:0 RuntimeOnly:0 HLODRelevant:0 ListedInSceneOutliner:1 IsMainWorldOnly:0
 |   |   |- [+] [ 11]
 |   |   |   |- Guid:C73ACB5D41C094DEEAD8BA87CEDF20F5 BaseClass: NativeClass:/Script/Engine.ExponentialHeightFog Name:ExponentialHeightFog_UAID_E4A8DFF90C7A2AFB01_1718635608 Label:ExponentialHeightFog SpatiallyLoaded:0 Bounds:IsValid=true, Min=(X=0.000 Y=0.000 Z=23.348), Max=(X=0.000 Y=0.000 Z=23.348) RuntimeGrid:None EditorOnly:0 RuntimeOnly:0 HLODRelevant:0 ListedInSceneOutliner:1 IsMainWorldOnly:0 Parent:CABD45D547B2E1A6A17309A80F691810
 |   |   |   |- Guid:CABD45D547B2E1A6A17309A80F691810 BaseClass: NativeClass:/Script/Engine.PointLight Name:PointLight_UAID_E89C2573D49798EF01_2106693296 Label:PointLight SpatiallyLoaded:1 Bounds:IsValid=true, Min=(X=-13774.000 Y=-16364.000 Z=-23654.000), Max=(X=18994.000 Y=16404.000 Z=9114.000) RuntimeGrid:None EditorOnly:0 RuntimeOnly:0 HLODRelevant:0 ListedInSceneOutliner:1 IsMainWorldOnly:0
 |   |   |- [+] [ 12]
 |   |   |   |- Guid:CE3AA6EC438B73A4D89BCA888B114BC4 BaseClass: NativeClass:/Script/Engine.SkyAtmosphere Name:SkyAtmosphere_UAID_E4A8DFF90C7A2AFB01_1302536607 Label:SkyAtmosphere SpatiallyLoaded:0 Bounds:IsValid=true, Min=(X=0.000 Y=0.000 Z=215.895), Max=(X=0.000 Y=0.000 Z=215.895) RuntimeGrid:None EditorOnly:0 RuntimeOnly:0 HLODRelevant:0 ListedInSceneOutliner:1 IsMainWorldOnly:0
 |   |   |- [+] [ 13]
 |   |   |   |- Guid:D29DF3D849CFD64759F04897579D41FF BaseClass: NativeClass:/Script/Engine.StaticMeshActor Name:StaticMeshActor_UAID_E4A8DFF90C7AEAFA01_1721608345 Label:StaticMeshActor SpatiallyLoaded:1 Bounds:IsValid=true, Min=(X=-620.000 Y=-340.000 Z=1910.000), Max=(X=-620.000 Y=-340.000 Z=1910.000) RuntimeGrid:None EditorOnly:0 RuntimeOnly:0 HLODRelevant:0 ListedInSceneOutliner:1 IsMainWorldOnly:0
 |- ContainerInstances:
 |- [+] MainContainer:
 |   |-        ID: 00000000000000000000000000000000
 |   |-  ParentID: 00000000000000000000000000000000
 |   |-    Bounds: IsValid=false, Min=(X=0.000 Y=0.000 Z=0.000), Max=(X=0.000 Y=0.000 Z=0.000)
 |   |- Transform: 0.000000,0.000000,0.000000|0.000000,0.000000,-0.000000|1.000000,1.000000,1.000000
 |   |- Container: /Game/Maps/FirstPersonMap
----------------------------------------------------------------------------------------------------------------
FirstPersonMap - Persistent Level
----------------------------------------------------------------------------------------------------------------
[+] Content of FirstPersonMap Persistent Level
 |- Always loaded Actor Count: 22 
 |- Actor Path: /Game/Maps/UEDPIE_0_FirstPersonMap.FirstPersonMap:PersistentLevel.BP_Fuel_C_UAID_7427EAB8256614FD01_1200066046
 |- Actor Package: /Game/Maps/UEDPIE_0_FirstPersonMap_InstanceOf_/Game/__ExternalActors__/Maps/FirstPersonMap/3/YV/UOVLHAOKF0MWNNXKB5BOV5
 |- Actor Path: /Game/Maps/UEDPIE_0_FirstPersonMap.FirstPersonMap:PersistentLevel.BP_Return_C_UAID_A8A159071AFE79EC01_1823791671
 |- Actor Package: /Game/Maps/UEDPIE_0_FirstPersonMap_InstanceOf_/Game/__ExternalActors__/Maps/FirstPersonMap/3/BI/380EC3BQ4TJT0EY94GNILR
 |- Actor Path: /Game/Maps/UEDPIE_0_FirstPersonMap.FirstPersonMap:PersistentLevel.Brush_0
 |- Actor Package: /Game/Maps/UEDPIE_0_FirstPersonMap
 |- Actor Path: /Game/Maps/UEDPIE_0_FirstPersonMap.FirstPersonMap:PersistentLevel.ChaosDebugDrawActor
 |- Actor Package: /Game/Maps/UEDPIE_0_FirstPersonMap
 |- Actor Path: /Game/Maps/UEDPIE_0_FirstPersonMap.FirstPersonMap:PersistentLevel.DefaultPhysicsVolume_0
 |- Actor Package: /Game/Maps/UEDPIE_0_FirstPersonMap
 |- Actor Path: /Game/Maps/UEDPIE_0_FirstPersonMap.FirstPersonMap:PersistentLevel.ExponentialHeightFog_UAID_BCF4D4E279A4140202_1814705127
 |- Actor Package: /Game/Maps/UEDPIE_0_FirstPersonMap_InstanceOf_/Game/__ExternalActors__/Maps/FirstPersonMap/3/KR/YKBVRI34BOBFY439X256FB
 |- Actor Path: /Game/Maps/UEDPIE_0_FirstPersonMap.FirstPersonMap:PersistentLevel.ExponentialHeightFog_UAID_E4A8DFF90C7A2AFB01_1718635608
 |- Actor Package: /Game/Maps/UEDPIE_0_FirstPersonMap_InstanceOf_/Game/__ExternalActors__/Maps/FirstPersonMap/A/SG/SPLVDV4TWSKIZBW8UQRGUN
 |- Actor Path: /Game/Maps/UEDPIE_0_FirstPersonMap.FirstPersonMap:PersistentLevel.FirstPersonExampleMap_C_1
 |- Actor Package: /Game/Maps/UEDPIE_0_FirstPersonMap
 |- Actor Path: /Game/Maps/UEDPIE_0_FirstPersonMap.FirstPersonMap:PersistentLevel.GameplayDebuggerPlayerManager_0
 |- Actor Package: /Game/Maps/UEDPIE_0_FirstPersonMap
 |- Actor Path: /Game/Maps/UEDPIE_0_FirstPersonMap.FirstPersonMap:PersistentLevel.PlayerCharacter_C_UAID_E89C2573D497C0F001_1383441394
 |- Actor Package: /Game/Maps/UEDPIE_0_FirstPersonMap_InstanceOf_/Game/__ExternalActors__/Maps/FirstPersonMap/2/AX/VJSFOO3RQU48YOLV1EVWXV
 |- Actor Path: /Game/Maps/UEDPIE_0_FirstPersonMap.FirstPersonMap:PersistentLevel.PointLight_UAID_E89C2573D49798EF01_2106693296
 |- Actor Package: /Game/Maps/UEDPIE_0_FirstPersonMap_InstanceOf_/Game/__ExternalActors__/Maps/FirstPersonMap/2/7W/AURWQEEN3VSHF0B1V1NWOO
 |- Actor Path: /Game/Maps/UEDPIE_0_FirstPersonMap.FirstPersonMap:PersistentLevel.PointLight_UAID_E89C2573D49799EF01_1104831473
 |- Actor Package: /Game/Maps/UEDPIE_0_FirstPersonMap_InstanceOf_/Game/__ExternalActors__/Maps/FirstPersonMap/7/KK/YUW3PTLX3OJLUM19GVX2LN
 |- Actor Path: /Game/Maps/UEDPIE_0_FirstPersonMap.FirstPersonMap:PersistentLevel.PointLight_UAID_E89C2573D497BFF001_1339184215
 |- Actor Package: /Game/Maps/UEDPIE_0_FirstPersonMap_InstanceOf_/Game/__ExternalActors__/Maps/FirstPersonMap/5/5K/6B3Q2M7HSZMHFL9PGND9ZU
 |- Actor Path: /Game/Maps/UEDPIE_0_FirstPersonMap.FirstPersonMap:PersistentLevel.PointLight_UAID_E89C2573D497BFF001_1759356216
 |- Actor Package: /Game/Maps/UEDPIE_0_FirstPersonMap_InstanceOf_/Game/__ExternalActors__/Maps/FirstPersonMap/B/0E/HT3DFHFILRDSQWFBM01B8U
 |- Actor Path: /Game/Maps/UEDPIE_0_FirstPersonMap.FirstPersonMap:PersistentLevel.PointLight_UAID_E89C2573D497BFF001_1776030217
 |- Actor Package: /Game/Maps/UEDPIE_0_FirstPersonMap_InstanceOf_/Game/__ExternalActors__/Maps/FirstPersonMap/B/FY/1NH7A3YWH4Z3W8Z29URH96
 |- Actor Path: /Game/Maps/UEDPIE_0_FirstPersonMap.FirstPersonMap:PersistentLevel.SkyAtmosphere_UAID_E4A8DFF90C7A2AFB01_1302536607
 |- Actor Package: /Game/Maps/UEDPIE_0_FirstPersonMap_InstanceOf_/Game/__ExternalActors__/Maps/FirstPersonMap/E/SN/XD7SRT3QUWA9NROQPG16R5
 |- Actor Path: /Game/Maps/UEDPIE_0_FirstPersonMap.FirstPersonMap:PersistentLevel.StaticMeshActor_UAID_E4A8DFF90C7AEAFA01_1721608345
 |- Actor Package: /Game/Maps/UEDPIE_0_FirstPersonMap_InstanceOf_/Game/__ExternalActors__/Maps/FirstPersonMap/C/TD/C41GSVGMEPLFNAT6P1S0GW
 |- Actor Path: /Game/Maps/UEDPIE_0_FirstPersonMap.FirstPersonMap:PersistentLevel.SunSky_C_UAID_E4A8DFF90C7A2BFB01_1164576783
 |- Actor Package: /Game/Maps/UEDPIE_0_FirstPersonMap_InstanceOf_/Game/__ExternalActors__/Maps/FirstPersonMap/0/PW/Y8U343VPC8VFCAQRE2DN26
 |- Actor Path: /Game/Maps/UEDPIE_0_FirstPersonMap.FirstPersonMap:PersistentLevel.TerrainBP_C_UAID_A8A159071AFE78EC01_1803719495
 |- Actor Package: /Game/Maps/UEDPIE_0_FirstPersonMap_InstanceOf_/Game/__ExternalActors__/Maps/FirstPersonMap/4/1W/Z7O72Q6LXT9ONOL485SXEQ
 |- Actor Path: /Game/Maps/UEDPIE_0_FirstPersonMap.FirstPersonMap:PersistentLevel.WorldDataLayers
 |- Actor Package: /Game/__ExternalActors__/Maps/FirstPersonMap/B/D0/47PXUBWBUXPV95S4OEQ7HH
 |- Actor Path: /Game/Maps/UEDPIE_0_FirstPersonMap.FirstPersonMap:PersistentLevel.WorldInfo_0
 |- Actor Package: /Game/Maps/UEDPIE_0_FirstPersonMap
 |- Actor Path: /Game/Maps/UEDPIE_0_FirstPersonMap.FirstPersonMap:PersistentLevel.WorldPartitionReplay
 |- Actor Package: /Game/Maps/UEDPIE_0_FirstPersonMap

----------------------------------------------------------------------------------------------------------------
FirstPersonMap - Runtime Spatial Hash - Streaming Grid - MainGrid
----------------------------------------------------------------------------------------------------------------
            Origin: X=0.000 Y=0.000 Z=0.000
         Cell Size: 12800
      World Bounds: IsValid=false, Min=(X=0.000 Y=0.000 Z=0.000), Max=(X=0.000 Y=0.000 Z=0.000)
     Loading Range: 25600.00
Block Slow Loading: No
 ClientOnlyVisible: No
            Origin: X=0.000 Y=0.000 Z=0.000

[+] Grid Levels: 1
 |- Level  0: Cell Count    0 | Cell Size   12800 | Actor Count    0 (0.0%)

[+] Content of Grid Level 0

