[+] Containers:
 |- [+] Container: /Game/Maps/FirstPersonMap1
 |   |- [+] ActorDescs:
 |   |   |- Guid:0014E60D49E2ECA8293E3C80FB7629DE BaseClass: NativeClass:/Script/Engine.SkyAtmosphere Name:SkyAtmosphere_UAID_E4A8DFF90C7A2AFB01_1302536607 Label:SkyAtmosphere SpatiallyLoaded:0 Bounds:IsValid=true, Min=(X=0.000 Y=0.000 Z=215.895), Max=(X=0.000 Y=0.000 Z=215.895) RuntimeGrid:None EditorOnly:0 RuntimeOnly:0 HLODRelevant:0 ListedInSceneOutliner:1 IsMainWorldOnly:0
 |   |   |- Guid:18EB35924927636D7E9E349E1E9AA0F9 BaseClass: NativeClass:/Script/Engine.PointLight Name:PointLight_UAID_E89C2573D49798EF01_2106693296 Label:PointLight SpatiallyLoaded:1 Bounds:IsValid=true, Min=(X=-13774.000 Y=-16364.000 Z=-23654.000), Max=(X=18994.000 Y=16404.000 Z=9114.000) RuntimeGrid:None EditorOnly:0 RuntimeOnly:0 HLODRelevant:0 ListedInSceneOutliner:1 IsMainWorldOnly:0
 |   |   |- Guid:1D7BE4AB4721D2298682B5A92C7B2BE0 BaseClass:/Game/FirstPerson/Blueprints/PlayerCharacter.PlayerCharacter_C NativeClass:/Script/Engine.Pawn Name:PlayerCharacter_C_UAID_E89C2573D497C0F001_1383441394 Label:PlayerCharacter SpatiallyLoaded:1 Bounds:IsValid=true, Min=(X=1635.000 Y=1205.000 Z=1394.000), Max=(X=1745.000 Y=1315.000 Z=1586.000) RuntimeGrid:None EditorOnly:0 RuntimeOnly:0 HLODRelevant:0 ListedInSceneOutliner:1 IsMainWorldOnly:0
 |   |   |- Guid:25E2108444FEC612D752A58C7EE545CF BaseClass: NativeClass:/Script/Engine.PointLight Name:PointLight_UAID_E89C2573D497BFF001_1759356216 Label:PointLight4 SpatiallyLoaded:1 Bounds:IsValid=true, Min=(X=-11374.000 Y=-13354.000 Z=-15224.000), Max=(X=21394.000 Y=19414.000 Z=17544.000) RuntimeGrid:None EditorOnly:0 RuntimeOnly:0 HLODRelevant:0 ListedInSceneOutliner:1 IsMainWorldOnly:0
 |   |   |- Guid:3FB6D58443AA0859AE7D15B38FF0C91B BaseClass: NativeClass:/Script/Engine.ExponentialHeightFog Name:ExponentialHeightFog_UAID_BCF4D4E279A4140202_1814705127 Label:ExponentialHeightFog2 SpatiallyLoaded:0 Bounds:IsValid=true, Min=(X=-5600.000 Y=-50.000 Z=-6850.000), Max=(X=-5600.000 Y=-50.000 Z=-6850.000) RuntimeGrid:None EditorOnly:0 RuntimeOnly:0 HLODRelevant:0 ListedInSceneOutliner:1 IsMainWorldOnly:0 FolderPath:Lighting FolderGuid:F9E50241497D519514592C894FA6DCD1
 |   |   |- Guid:4424F8F2486504FCBD5E8BACE36CF02F BaseClass: NativeClass:/Script/Engine.PointLight Name:PointLight_UAID_E89C2573D497BFF001_1339184215 Label:PointLight3 SpatiallyLoaded:1 Bounds:IsValid=true, Min=(X=-11374.000 Y=-26154.000 Z=-10694.000), Max=(X=21394.000 Y=6614.000 Z=22074.000) RuntimeGrid:None EditorOnly:0 RuntimeOnly:0 HLODRelevant:0 ListedInSceneOutliner:1 IsMainWorldOnly:0
 |   |   |- Guid:511598FC44B57251502985A60FBCE0EE BaseClass:/Game/JW/FinalTerrainBP1.FinalTerrainBP1_C NativeClass:/Script/GeometryScriptingEditor.GeneratedDynamicMeshActor Name:FinalTerrainBP1_C_UAID_A8A159071AFEB80202_1433991991 Label:FinalTerrainBP1 SpatiallyLoaded:1 Bounds:IsValid=true, Min=(X=270.000 Y=-1530.000 Z=-2530.000), Max=(X=4270.000 Y=2470.000 Z=1470.000) RuntimeGrid:None EditorOnly:0 RuntimeOnly:0 HLODRelevant:0 ListedInSceneOutliner:1 IsMainWorldOnly:0
 |   |   |- Guid:5AD0904A48A8174A106530B16DE6BDBF BaseClass: NativeClass:/Script/Engine.ExponentialHeightFog Name:ExponentialHeightFog_UAID_E4A8DFF90C7A2AFB01_1718635608 Label:ExponentialHeightFog SpatiallyLoaded:0 Bounds:IsValid=true, Min=(X=0.000 Y=0.000 Z=23.348), Max=(X=0.000 Y=0.000 Z=23.348) RuntimeGrid:None EditorOnly:0 RuntimeOnly:0 HLODRelevant:0 ListedInSceneOutliner:1 IsMainWorldOnly:0 Parent:18EB35924927636D7E9E349E1E9AA0F9
 |   |   |- Guid:60D0B03443F103634CF17B9AB855DCE0 BaseClass:/Game/JW/BP_Return.BP_Return_C NativeClass:/Script/Engine.Actor Name:BP_Return_C_UAID_A8A159071AFE79EC01_1823791671 Label:BP_Return SpatiallyLoaded:1 Bounds:IsValid=true, Min=(X=1440.000 Y=320.000 Z=1380.000), Max=(X=1540.000 Y=420.000 Z=1480.000) RuntimeGrid:None EditorOnly:0 RuntimeOnly:0 HLODRelevant:0 ListedInSceneOutliner:1 IsMainWorldOnly:0
 |   |   |- Guid:61DDC70047936668374A4686C28F24A2 BaseClass: NativeClass:/Script/Engine.PointLight Name:PointLight_UAID_E89C2573D49799EF01_1104831473 Label:PointLight2 SpatiallyLoaded:1 Bounds:IsValid=true, Min=(X=-25374.000 Y=-9964.000 Z=-10094.000), Max=(X=7394.000 Y=22804.000 Z=22674.000) RuntimeGrid:None EditorOnly:0 RuntimeOnly:0 HLODRelevant:0 ListedInSceneOutliner:1 IsMainWorldOnly:0
 |   |   |- Guid:8D00B2DB41F0D694FF2FAF9CE94858D4 BaseClass: NativeClass:/Script/Engine.PointLight Name:PointLight_UAID_E89C2573D497BFF001_1776030217 Label:PointLight5 SpatiallyLoaded:1 Bounds:IsValid=true, Min=(X=-21834.000 Y=-21104.000 Z=-14954.000), Max=(X=10934.000 Y=11664.000 Z=17814.000) RuntimeGrid:None EditorOnly:0 RuntimeOnly:0 HLODRelevant:0 ListedInSceneOutliner:1 IsMainWorldOnly:0
 |   |   |- Guid:DACF7C29421B39CAD0C93AB93559344F BaseClass: NativeClass:/Script/Engine.WorldDataLayers Name:WorldDataLayers Label:WorldDataLayers SpatiallyLoaded:0 Bounds:Invalid RuntimeGrid:None EditorOnly:0 RuntimeOnly:0 HLODRelevant:0 ListedInSceneOutliner:1 IsMainWorldOnly:1
 |   |   |- Guid:DC356EA44C3A6D88520F678034790BDD BaseClass: NativeClass:/Script/Engine.StaticMeshActor Name:StaticMeshActor_UAID_E4A8DFF90C7AEAFA01_1721608345 Label:StaticMeshActor SpatiallyLoaded:1 Bounds:IsValid=true, Min=(X=-620.000 Y=-340.000 Z=1910.000), Max=(X=-620.000 Y=-340.000 Z=1910.000) RuntimeGrid:None EditorOnly:0 RuntimeOnly:0 HLODRelevant:0 ListedInSceneOutliner:1 IsMainWorldOnly:0
 |   |   |- Guid:E328738947075E0EDDF5609A9F77EAC3 BaseClass:/Game/FirstPerson/Blueprints/BP_Pickup_Rifle.BP_Pickup_Rifle_C NativeClass:/Script/Engine.Actor Name:BP_Pickup_Rifle_C_UAID_088FC36558DCC2EC01_2073067519 Label:BP_Pickup_Rifle SpatiallyLoaded:1 Bounds:IsValid=true, Min=(X=1710.000 Y=1272.665 Z=1260.000), Max=(X=1870.000 Y=1469.100 Z=1431.608) RuntimeGrid:None EditorOnly:0 RuntimeOnly:0 HLODRelevant:0 ListedInSceneOutliner:1 IsMainWorldOnly:0
 |   |   |- Guid:F9D2B17A4735E1D677E441928A6E1EEA BaseClass:/SunPosition/SunSky.SunSky_C NativeClass:/Script/Engine.Actor Name:SunSky_C_UAID_E4A8DFF90C7A2BFB01_1164576783 Label:SunSky SpatiallyLoaded:0 Bounds:IsValid=true, Min=(X=-4398046511104.000 Y=-4398046511104.000 Z=-4398046511104.000), Max=(X=4398046511104.000 Y=4398046511104.000 Z=4398046511104.000) RuntimeGrid:None EditorOnly:0 RuntimeOnly:0 HLODRelevant:0 ListedInSceneOutliner:1 IsMainWorldOnly:0
 |   |- [+] Clusters:
 |   |   |- [+] [  0]
 |   |   |   |- Guid:0014E60D49E2ECA8293E3C80FB7629DE BaseClass: NativeClass:/Script/Engine.SkyAtmosphere Name:SkyAtmosphere_UAID_E4A8DFF90C7A2AFB01_1302536607 Label:SkyAtmosphere SpatiallyLoaded:0 Bounds:IsValid=true, Min=(X=0.000 Y=0.000 Z=215.895), Max=(X=0.000 Y=0.000 Z=215.895) RuntimeGrid:None EditorOnly:0 RuntimeOnly:0 HLODRelevant:0 ListedInSceneOutliner:1 IsMainWorldOnly:0
 |   |   |- [+] [  1]
 |   |   |   |- Guid:18EB35924927636D7E9E349E1E9AA0F9 BaseClass: NativeClass:/Script/Engine.PointLight Name:PointLight_UAID_E89C2573D49798EF01_2106693296 Label:PointLight SpatiallyLoaded:1 Bounds:IsValid=true, Min=(X=-13774.000 Y=-16364.000 Z=-23654.000), Max=(X=18994.000 Y=16404.000 Z=9114.000) RuntimeGrid:None EditorOnly:0 RuntimeOnly:0 HLODRelevant:0 ListedInSceneOutliner:1 IsMainWorldOnly:0
 |   |   |   |- Guid:5AD0904A48A8174A106530B16DE6BDBF BaseClass: NativeClass:/Script/Engine.ExponentialHeightFog Name:ExponentialHeightFog_UAID_E4A8DFF90C7A2AFB01_1718635608 Label:ExponentialHeightFog SpatiallyLoaded:0 Bounds:IsValid=true, Min=(X=0.000 Y=0.000 Z=23.348), Max=(X=0.000 Y=0.000 Z=23.348) RuntimeGrid:None EditorOnly:0 RuntimeOnly:0 HLODRelevant:0 ListedInSceneOutliner:1 IsMainWorldOnly:0 Parent:18EB35924927636D7E9E349E1E9AA0F9
 |   |   |- [+] [  2]
 |   |   |   |- Guid:1D7BE4AB4721D2298682B5A92C7B2BE0 BaseClass:/Game/FirstPerson/Blueprints/PlayerCharacter.PlayerCharacter_C NativeClass:/Script/Engine.Pawn Name:PlayerCharacter_C_UAID_E89C2573D497C0F001_1383441394 Label:PlayerCharacter SpatiallyLoaded:1 Bounds:IsValid=true, Min=(X=1635.000 Y=1205.000 Z=1394.000), Max=(X=1745.000 Y=1315.000 Z=1586.000) RuntimeGrid:None EditorOnly:0 RuntimeOnly:0 HLODRelevant:0 ListedInSceneOutliner:1 IsMainWorldOnly:0
 |   |   |- [+] [  3]
 |   |   |   |- Guid:25E2108444FEC612D752A58C7EE545CF BaseClass: NativeClass:/Script/Engine.PointLight Name:PointLight_UAID_E89C2573D497BFF001_1759356216 Label:PointLight4 SpatiallyLoaded:1 Bounds:IsValid=true, Min=(X=-11374.000 Y=-13354.000 Z=-15224.000), Max=(X=21394.000 Y=19414.000 Z=17544.000) RuntimeGrid:None EditorOnly:0 RuntimeOnly:0 HLODRelevant:0 ListedInSceneOutliner:1 IsMainWorldOnly:0
 |   |   |- [+] [  4]
 |   |   |   |- Guid:3FB6D58443AA0859AE7D15B38FF0C91B BaseClass: NativeClass:/Script/Engine.ExponentialHeightFog Name:ExponentialHeightFog_UAID_BCF4D4E279A4140202_1814705127 Label:ExponentialHeightFog2 SpatiallyLoaded:0 Bounds:IsValid=true, Min=(X=-5600.000 Y=-50.000 Z=-6850.000), Max=(X=-5600.000 Y=-50.000 Z=-6850.000) RuntimeGrid:None EditorOnly:0 RuntimeOnly:0 HLODRelevant:0 ListedInSceneOutliner:1 IsMainWorldOnly:0 FolderPath:Lighting FolderGuid:F9E50241497D519514592C894FA6DCD1
 |   |   |- [+] [  5]
 |   |   |   |- Guid:4424F8F2486504FCBD5E8BACE36CF02F BaseClass: NativeClass:/Script/Engine.PointLight Name:PointLight_UAID_E89C2573D497BFF001_1339184215 Label:PointLight3 SpatiallyLoaded:1 Bounds:IsValid=true, Min=(X=-11374.000 Y=-26154.000 Z=-10694.000), Max=(X=21394.000 Y=6614.000 Z=22074.000) RuntimeGrid:None EditorOnly:0 RuntimeOnly:0 HLODRelevant:0 ListedInSceneOutliner:1 IsMainWorldOnly:0
 |   |   |- [+] [  6]
 |   |   |   |- Guid:511598FC44B57251502985A60FBCE0EE BaseClass:/Game/JW/FinalTerrainBP1.FinalTerrainBP1_C NativeClass:/Script/GeometryScriptingEditor.GeneratedDynamicMeshActor Name:FinalTerrainBP1_C_UAID_A8A159071AFEB80202_1433991991 Label:FinalTerrainBP1 SpatiallyLoaded:1 Bounds:IsValid=true, Min=(X=270.000 Y=-1530.000 Z=-2530.000), Max=(X=4270.000 Y=2470.000 Z=1470.000) RuntimeGrid:None EditorOnly:0 RuntimeOnly:0 HLODRelevant:0 ListedInSceneOutliner:1 IsMainWorldOnly:0
 |   |   |- [+] [  7]
 |   |   |   |- Guid:60D0B03443F103634CF17B9AB855DCE0 BaseClass:/Game/JW/BP_Return.BP_Return_C NativeClass:/Script/Engine.Actor Name:BP_Return_C_UAID_A8A159071AFE79EC01_1823791671 Label:BP_Return SpatiallyLoaded:1 Bounds:IsValid=true, Min=(X=1440.000 Y=320.000 Z=1380.000), Max=(X=1540.000 Y=420.000 Z=1480.000) RuntimeGrid:None EditorOnly:0 RuntimeOnly:0 HLODRelevant:0 ListedInSceneOutliner:1 IsMainWorldOnly:0
 |   |   |- [+] [  8]
 |   |   |   |- Guid:61DDC70047936668374A4686C28F24A2 BaseClass: NativeClass:/Script/Engine.PointLight Name:PointLight_UAID_E89C2573D49799EF01_1104831473 Label:PointLight2 SpatiallyLoaded:1 Bounds:IsValid=true, Min=(X=-25374.000 Y=-9964.000 Z=-10094.000), Max=(X=7394.000 Y=22804.000 Z=22674.000) RuntimeGrid:None EditorOnly:0 RuntimeOnly:0 HLODRelevant:0 ListedInSceneOutliner:1 IsMainWorldOnly:0
 |   |   |- [+] [  9]
 |   |   |   |- Guid:8D00B2DB41F0D694FF2FAF9CE94858D4 BaseClass: NativeClass:/Script/Engine.PointLight Name:PointLight_UAID_E89C2573D497BFF001_1776030217 Label:PointLight5 SpatiallyLoaded:1 Bounds:IsValid=true, Min=(X=-21834.000 Y=-21104.000 Z=-14954.000), Max=(X=10934.000 Y=11664.000 Z=17814.000) RuntimeGrid:None EditorOnly:0 RuntimeOnly:0 HLODRelevant:0 ListedInSceneOutliner:1 IsMainWorldOnly:0
 |   |   |- [+] [ 10]
 |   |   |   |- Guid:DACF7C29421B39CAD0C93AB93559344F BaseClass: NativeClass:/Script/Engine.WorldDataLayers Name:WorldDataLayers Label:WorldDataLayers SpatiallyLoaded:0 Bounds:Invalid RuntimeGrid:None EditorOnly:0 RuntimeOnly:0 HLODRelevant:0 ListedInSceneOutliner:1 IsMainWorldOnly:1
 |   |   |- [+] [ 11]
 |   |   |   |- Guid:DC356EA44C3A6D88520F678034790BDD BaseClass: NativeClass:/Script/Engine.StaticMeshActor Name:StaticMeshActor_UAID_E4A8DFF90C7AEAFA01_1721608345 Label:StaticMeshActor SpatiallyLoaded:1 Bounds:IsValid=true, Min=(X=-620.000 Y=-340.000 Z=1910.000), Max=(X=-620.000 Y=-340.000 Z=1910.000) RuntimeGrid:None EditorOnly:0 RuntimeOnly:0 HLODRelevant:0 ListedInSceneOutliner:1 IsMainWorldOnly:0
 |   |   |- [+] [ 12]
 |   |   |   |- Guid:E328738947075E0EDDF5609A9F77EAC3 BaseClass:/Game/FirstPerson/Blueprints/BP_Pickup_Rifle.BP_Pickup_Rifle_C NativeClass:/Script/Engine.Actor Name:BP_Pickup_Rifle_C_UAID_088FC36558DCC2EC01_2073067519 Label:BP_Pickup_Rifle SpatiallyLoaded:1 Bounds:IsValid=true, Min=(X=1710.000 Y=1272.665 Z=1260.000), Max=(X=1870.000 Y=1469.100 Z=1431.608) RuntimeGrid:None EditorOnly:0 RuntimeOnly:0 HLODRelevant:0 ListedInSceneOutliner:1 IsMainWorldOnly:0
 |   |   |- [+] [ 13]
 |   |   |   |- Guid:F9D2B17A4735E1D677E441928A6E1EEA BaseClass:/SunPosition/SunSky.SunSky_C NativeClass:/Script/Engine.Actor Name:SunSky_C_UAID_E4A8DFF90C7A2BFB01_1164576783 Label:SunSky SpatiallyLoaded:0 Bounds:IsValid=true, Min=(X=-4398046511104.000 Y=-4398046511104.000 Z=-4398046511104.000), Max=(X=4398046511104.000 Y=4398046511104.000 Z=4398046511104.000) RuntimeGrid:None EditorOnly:0 RuntimeOnly:0 HLODRelevant:0 ListedInSceneOutliner:1 IsMainWorldOnly:0
 |- ContainerInstances:
 |- [+] MainContainer:
 |   |-        ID: 00000000000000000000000000000000
 |   |-  ParentID: 00000000000000000000000000000000
 |   |-    Bounds: IsValid=false, Min=(X=0.000 Y=0.000 Z=0.000), Max=(X=0.000 Y=0.000 Z=0.000)
 |   |- Transform: 0.000000,0.000000,0.000000|0.000000,0.000000,-0.000000|1.000000,1.000000,1.000000
 |   |- Container: /Game/Maps/FirstPersonMap1
----------------------------------------------------------------------------------------------------------------
FirstPersonMap1 - Persistent Level
----------------------------------------------------------------------------------------------------------------
[+] Content of FirstPersonMap1 Persistent Level
 |- Always loaded Actor Count: 21 
 |- Actor Path: /Game/Maps/FirstPersonMap1.FirstPersonMap1:PersistentLevel.AbstractNavData-Default
 |- Actor Package: /Game/Maps/FirstPersonMap1
 |- Actor Path: /Game/Maps/FirstPersonMap1.FirstPersonMap1:PersistentLevel.BP_Pickup_Rifle_C_UAID_088FC36558DCC2EC01_2073067519
 |- Actor Package: /Game/__ExternalActors__/Maps/FirstPersonMap1/D/37/AUXDHJMJSSZ8LVQEKD96X9
 |- Actor Path: /Game/Maps/FirstPersonMap1.FirstPersonMap1:PersistentLevel.BP_Return_C_UAID_A8A159071AFE79EC01_1823791671
 |- Actor Package: /Game/__ExternalActors__/Maps/FirstPersonMap1/A/U1/ZDYEQD1NDWW6IHLVUOOPET
 |- Actor Path: /Game/Maps/FirstPersonMap1.FirstPersonMap1:PersistentLevel.Brush_0
 |- Actor Package: /Game/Maps/FirstPersonMap1
 |- Actor Path: /Game/Maps/FirstPersonMap1.FirstPersonMap1:PersistentLevel.DefaultPhysicsVolume_0
 |- Actor Package: /Game/Maps/FirstPersonMap1
 |- Actor Path: /Game/Maps/FirstPersonMap1.FirstPersonMap1:PersistentLevel.ExponentialHeightFog_UAID_BCF4D4E279A4140202_1814705127
 |- Actor Package: /Game/__ExternalActors__/Maps/FirstPersonMap1/A/UG/OD3E456ZAO0IA0IZPD4CTO
 |- Actor Path: /Game/Maps/FirstPersonMap1.FirstPersonMap1:PersistentLevel.ExponentialHeightFog_UAID_E4A8DFF90C7A2AFB01_1718635608
 |- Actor Package: /Game/__ExternalActors__/Maps/FirstPersonMap1/5/7L/82712TK87D206RCV41JTJ9
 |- Actor Path: /Game/Maps/FirstPersonMap1.FirstPersonMap1:PersistentLevel.FinalTerrainBP1_C_UAID_A8A159071AFEB80202_1433991991
 |- Actor Package: /Game/__ExternalActors__/Maps/FirstPersonMap1/3/YR/C25TUR6AF33MA2SGSZP1EP
 |- Actor Path: /Game/Maps/FirstPersonMap1.FirstPersonMap1:PersistentLevel.FirstPersonMap1_C_1
 |- Actor Package: /Game/Maps/FirstPersonMap1
 |- Actor Path: /Game/Maps/FirstPersonMap1.FirstPersonMap1:PersistentLevel.GameplayDebuggerPlayerManager_0
 |- Actor Package: /Game/Maps/FirstPersonMap1
 |- Actor Path: /Game/Maps/FirstPersonMap1.FirstPersonMap1:PersistentLevel.PlayerCharacter_C_UAID_E89C2573D497C0F001_1383441394
 |- Actor Package: /Game/__ExternalActors__/Maps/FirstPersonMap1/E/2X/1LBXUFJ503XHJXHVVMV5H8
 |- Actor Path: /Game/Maps/FirstPersonMap1.FirstPersonMap1:PersistentLevel.PointLight_UAID_E89C2573D49798EF01_2106693296
 |- Actor Package: /Game/__ExternalActors__/Maps/FirstPersonMap1/2/U5/ZU50Z1YLABLCTM6ONJOG32
 |- Actor Path: /Game/Maps/FirstPersonMap1.FirstPersonMap1:PersistentLevel.PointLight_UAID_E89C2573D49799EF01_1104831473
 |- Actor Package: /Game/__ExternalActors__/Maps/FirstPersonMap1/A/V7/BOWG7T9EMN9LNJG0X25JUR
 |- Actor Path: /Game/Maps/FirstPersonMap1.FirstPersonMap1:PersistentLevel.PointLight_UAID_E89C2573D497BFF001_1339184215
 |- Actor Package: /Game/__ExternalActors__/Maps/FirstPersonMap1/9/YP/9VKG32UYI5S5E3VFRRZIWK
 |- Actor Path: /Game/Maps/FirstPersonMap1.FirstPersonMap1:PersistentLevel.PointLight_UAID_E89C2573D497BFF001_1759356216
 |- Actor Package: /Game/__ExternalActors__/Maps/FirstPersonMap1/E/8L/673PWSH1XOE5LS5FLS5EM0
 |- Actor Path: /Game/Maps/FirstPersonMap1.FirstPersonMap1:PersistentLevel.PointLight_UAID_E89C2573D497BFF001_1776030217
 |- Actor Package: /Game/__ExternalActors__/Maps/FirstPersonMap1/C/3G/PDOH29GV1T4LHEFLAEG2E5
 |- Actor Path: /Game/Maps/FirstPersonMap1.FirstPersonMap1:PersistentLevel.SkyAtmosphere_UAID_E4A8DFF90C7A2AFB01_1302536607
 |- Actor Package: /Game/__ExternalActors__/Maps/FirstPersonMap1/C/U8/2HM7RRE02NHRSZFJIZW9ZX
 |- Actor Path: /Game/Maps/FirstPersonMap1.FirstPersonMap1:PersistentLevel.StaticMeshActor_UAID_E4A8DFF90C7AEAFA01_1721608345
 |- Actor Package: /Game/__ExternalActors__/Maps/FirstPersonMap1/2/7P/TYL232AN8N7G0JQNA22YH3
 |- Actor Path: /Game/Maps/FirstPersonMap1.FirstPersonMap1:PersistentLevel.SunSky_C_UAID_E4A8DFF90C7A2BFB01_1164576783
 |- Actor Package: /Game/__ExternalActors__/Maps/FirstPersonMap1/D/FE/4T1P87EIT8B0MT47H8JJUM
 |- Actor Path: /Game/Maps/FirstPersonMap1.FirstPersonMap1:PersistentLevel.WorldDataLayers
 |- Actor Package: /Game/__ExternalActors__/Maps/FirstPersonMap1/6/6C/O6BWT74S5D8A7TOUPD1THF
 |- Actor Path: /Game/Maps/FirstPersonMap1.FirstPersonMap1:PersistentLevel.WorldInfo_0
 |- Actor Package: /Game/Maps/FirstPersonMap1

----------------------------------------------------------------------------------------------------------------
FirstPersonMap1 - Runtime Spatial Hash - Streaming Grid - MainGrid
----------------------------------------------------------------------------------------------------------------
            Origin: X=0.000 Y=0.000 Z=0.000
         Cell Size: 12800
      World Bounds: IsValid=false, Min=(X=0.000 Y=0.000 Z=0.000), Max=(X=0.000 Y=0.000 Z=0.000)
     Loading Range: 25600.00
Block Slow Loading: No
 ClientOnlyVisible: No
            Origin: X=0.000 Y=0.000 Z=0.000

[+] Grid Levels: 1
 |- Level  0: Cell Count    0 | Cell Size   12800 | Actor Count    0 (0.0%)

[+] Content of Grid Level 0

